This is pdfTeX, Version 3.14159265-2.6-1.40.21 (MiKTeX 20.7) (preloaded format=pdflatex 2020.9.8)  9 SEP 2020 16:09
entering extended mode
**"./Scalar LinearSDE Model Reduction.tex"
("Scalar LinearSDE Model Reduction.tex"
LaTeX2e <2020-02-02> patch level 5
L3 programming layer <2020-09-03>
("C:\Users\jared\AppData\Local\Programs\MiKTeX 2.9\tex/latex/base\article.cls"
Document Class: article 2019/12/20 v1.4l Standard LaTeX document class
("C:\Users\jared\AppData\Local\Programs\MiKTeX 2.9\tex/latex/base\size11.clo"
File: size11.clo 2019/12/20 v1.4l Standard LaTeX file (size option)
)
\c@part=\count168
\c@section=\count169
\c@subsection=\count170
\c@subsubsection=\count171
\c@paragraph=\count172
\c@subparagraph=\count173
\c@figure=\count174
\c@table=\count175
\abovecaptionskip=\skip47
\belowcaptionskip=\skip48
\bibindent=\dimen134
)
("C:\Users\jared\AppData\Local\Programs\MiKTeX 2.9\tex/latex/tcolorbox\tcolorbo
x.sty"
Package: tcolorbox 2019/11/15 version 4.22 text color boxes

("C:\Users\jared\AppData\Local\Programs\MiKTeX 2.9\tex/latex/pgf/basiclayer\pgf
.sty"
("C:\Users\jared\AppData\Local\Programs\MiKTeX 2.9\tex/latex/pgf/utilities\pgfr
cs.sty"
("C:\Users\jared\AppData\Local\Programs\MiKTeX 2.9\tex/generic/pgf/utilities\pg
futil-common.tex"
\pgfutil@everybye=\toks15
\pgfutil@tempdima=\dimen135
\pgfutil@tempdimb=\dimen136

("C:\Users\jared\AppData\Local\Programs\MiKTeX 2.9\tex/generic/pgf/utilities\pg
futil-common-lists.tex"))
("C:\Users\jared\AppData\Local\Programs\MiKTeX 2.9\tex/generic/pgf/utilities\pg
futil-latex.def"
\pgfutil@abb=\box45

("C:\Users\jared\AppData\Local\Programs\MiKTeX 2.9\tex/latex/ms\everyshi.sty"
Package: everyshi 2001/05/15 v3.00 EveryShipout Package (MS)
))
("C:\Users\jared\AppData\Local\Programs\MiKTeX 2.9\tex/generic/pgf/utilities\pg
frcs.code.tex"
("C:\Users\jared\AppData\Local\Programs\MiKTeX 2.9\tex/generic/pgf\pgf.revision
.tex")
Package: pgfrcs 2020/01/08 v3.1.5b (3.1.5b)
))
Package: pgf 2020/01/08 v3.1.5b (3.1.5b)

("C:\Users\jared\AppData\Local\Programs\MiKTeX 2.9\tex/latex/pgf/basiclayer\pgf
core.sty"
("C:\Users\jared\AppData\Local\Programs\MiKTeX 2.9\tex/latex/graphics\graphicx.
sty"
Package: graphicx 2019/11/30 v1.2a Enhanced LaTeX Graphics (DPC,SPQR)

("C:\Users\jared\AppData\Local\Programs\MiKTeX 2.9\tex/latex/graphics\keyval.st
y"
Package: keyval 2014/10/28 v1.15 key=value parser (DPC)
\KV@toks@=\toks16
)
("C:\Users\jared\AppData\Local\Programs\MiKTeX 2.9\tex/latex/graphics\graphics.
sty"
Package: graphics 2019/11/30 v1.4a Standard LaTeX Graphics (DPC,SPQR)

("C:\Users\jared\AppData\Local\Programs\MiKTeX 2.9\tex/latex/graphics\trig.sty"
Package: trig 2016/01/03 v1.10 sin cos tan (DPC)
)
("C:\Users\jared\AppData\Local\Programs\MiKTeX 2.9\tex/latex/graphics-cfg\graph
ics.cfg"
File: graphics.cfg 2016/06/04 v1.11 sample graphics configuration
)
Package graphics Info: Driver file: pdftex.def on input line 105.

("C:\Users\jared\AppData\Local\Programs\MiKTeX 2.9\tex/latex/graphics-def\pdfte
x.def"
File: pdftex.def 2020/08/26 v1.2 Graphics/color driver for pdftex
))
\Gin@req@height=\dimen137
\Gin@req@width=\dimen138
)
("C:\Users\jared\AppData\Local\Programs\MiKTeX 2.9\tex/latex/pgf/systemlayer\pg
fsys.sty"
("C:\Users\jared\AppData\Local\Programs\MiKTeX 2.9\tex/generic/pgf/systemlayer\
pgfsys.code.tex"
Package: pgfsys 2020/01/08 v3.1.5b (3.1.5b)

("C:\Users\jared\AppData\Local\Programs\MiKTeX 2.9\tex/generic/pgf/utilities\pg
fkeys.code.tex"
\pgfkeys@pathtoks=\toks17
\pgfkeys@temptoks=\toks18

("C:\Users\jared\AppData\Local\Programs\MiKTeX 2.9\tex/generic/pgf/utilities\pg
fkeysfiltered.code.tex"
\pgfkeys@tmptoks=\toks19
))
\pgf@x=\dimen139
\pgf@y=\dimen140
\pgf@xa=\dimen141
\pgf@ya=\dimen142
\pgf@xb=\dimen143
\pgf@yb=\dimen144
\pgf@xc=\dimen145
\pgf@yc=\dimen146
\pgf@xd=\dimen147
\pgf@yd=\dimen148
\w@pgf@writea=\write3
\r@pgf@reada=\read2
\c@pgf@counta=\count176
\c@pgf@countb=\count177
\c@pgf@countc=\count178
\c@pgf@countd=\count179
\t@pgf@toka=\toks20
\t@pgf@tokb=\toks21
\t@pgf@tokc=\toks22
\pgf@sys@id@count=\count180

("C:\Users\jared\AppData\Local\Programs\MiKTeX 2.9\tex/generic/pgf/systemlayer\
pgf.cfg"
File: pgf.cfg 2020/01/08 v3.1.5b (3.1.5b)
)
Driver file for pgf: pgfsys-pdftex.def

("C:\Users\jared\AppData\Local\Programs\MiKTeX 2.9\tex/generic/pgf/systemlayer\
pgfsys-pdftex.def"
File: pgfsys-pdftex.def 2020/01/08 v3.1.5b (3.1.5b)

("C:\Users\jared\AppData\Local\Programs\MiKTeX 2.9\tex/generic/pgf/systemlayer\
pgfsys-common-pdf.def"
File: pgfsys-common-pdf.def 2020/01/08 v3.1.5b (3.1.5b)
)))
("C:\Users\jared\AppData\Local\Programs\MiKTeX 2.9\tex/generic/pgf/systemlayer\
pgfsyssoftpath.code.tex"
File: pgfsyssoftpath.code.tex 2020/01/08 v3.1.5b (3.1.5b)
\pgfsyssoftpath@smallbuffer@items=\count181
\pgfsyssoftpath@bigbuffer@items=\count182
)
("C:\Users\jared\AppData\Local\Programs\MiKTeX 2.9\tex/generic/pgf/systemlayer\
pgfsysprotocol.code.tex"
File: pgfsysprotocol.code.tex 2020/01/08 v3.1.5b (3.1.5b)
))
("C:\Users\jared\AppData\Local\Programs\MiKTeX 2.9\tex/latex/xcolor\xcolor.sty"
Package: xcolor 2016/05/11 v2.12 LaTeX color extensions (UK)

("C:\Users\jared\AppData\Local\Programs\MiKTeX 2.9\tex/latex/graphics-cfg\color
.cfg"
File: color.cfg 2016/01/02 v1.6 sample color configuration
)
Package xcolor Info: Driver file: pdftex.def on input line 225.
Package xcolor Info: Model `cmy' substituted by `cmy0' on input line 1348.
Package xcolor Info: Model `hsb' substituted by `rgb' on input line 1352.
Package xcolor Info: Model `RGB' extended on input line 1364.
Package xcolor Info: Model `HTML' substituted by `rgb' on input line 1366.
Package xcolor Info: Model `Hsb' substituted by `hsb' on input line 1367.
Package xcolor Info: Model `tHsb' substituted by `hsb' on input line 1368.
Package xcolor Info: Model `HSB' substituted by `hsb' on input line 1369.
Package xcolor Info: Model `Gray' substituted by `gray' on input line 1370.
Package xcolor Info: Model `wave' substituted by `hsb' on input line 1371.
)
("C:\Users\jared\AppData\Local\Programs\MiKTeX 2.9\tex/generic/pgf/basiclayer\p
gfcore.code.tex"
Package: pgfcore 2020/01/08 v3.1.5b (3.1.5b)

("C:\Users\jared\AppData\Local\Programs\MiKTeX 2.9\tex/generic/pgf/math\pgfmath
.code.tex"
("C:\Users\jared\AppData\Local\Programs\MiKTeX 2.9\tex/generic/pgf/math\pgfmath
calc.code.tex"
("C:\Users\jared\AppData\Local\Programs\MiKTeX 2.9\tex/generic/pgf/math\pgfmath
util.code.tex")
("C:\Users\jared\AppData\Local\Programs\MiKTeX 2.9\tex/generic/pgf/math\pgfmath
parser.code.tex"
\pgfmath@dimen=\dimen149
\pgfmath@count=\count183
\pgfmath@box=\box46
\pgfmath@toks=\toks23
\pgfmath@stack@operand=\toks24
\pgfmath@stack@operation=\toks25
)
("C:\Users\jared\AppData\Local\Programs\MiKTeX 2.9\tex/generic/pgf/math\pgfmath
functions.code.tex"
("C:\Users\jared\AppData\Local\Programs\MiKTeX 2.9\tex/generic/pgf/math\pgfmath
functions.basic.code.tex")
("C:\Users\jared\AppData\Local\Programs\MiKTeX 2.9\tex/generic/pgf/math\pgfmath
functions.trigonometric.code.tex")
("C:\Users\jared\AppData\Local\Programs\MiKTeX 2.9\tex/generic/pgf/math\pgfmath
functions.random.code.tex")
("C:\Users\jared\AppData\Local\Programs\MiKTeX 2.9\tex/generic/pgf/math\pgfmath
functions.comparison.code.tex")
("C:\Users\jared\AppData\Local\Programs\MiKTeX 2.9\tex/generic/pgf/math\pgfmath
functions.base.code.tex")
("C:\Users\jared\AppData\Local\Programs\MiKTeX 2.9\tex/generic/pgf/math\pgfmath
functions.round.code.tex")
("C:\Users\jared\AppData\Local\Programs\MiKTeX 2.9\tex/generic/pgf/math\pgfmath
functions.misc.code.tex")
("C:\Users\jared\AppData\Local\Programs\MiKTeX 2.9\tex/generic/pgf/math\pgfmath
functions.integerarithmetics.code.tex")))
("C:\Users\jared\AppData\Local\Programs\MiKTeX 2.9\tex/generic/pgf/math\pgfmath
float.code.tex"
\c@pgfmathroundto@lastzeros=\count184
))
("C:\Users\jared\AppData\Local\Programs\MiKTeX 2.9\tex/generic/pgf/math\pgfint.
code.tex")
("C:\Users\jared\AppData\Local\Programs\MiKTeX 2.9\tex/generic/pgf/basiclayer\p
gfcorepoints.code.tex"
File: pgfcorepoints.code.tex 2020/01/08 v3.1.5b (3.1.5b)
\pgf@picminx=\dimen150
\pgf@picmaxx=\dimen151
\pgf@picminy=\dimen152
\pgf@picmaxy=\dimen153
\pgf@pathminx=\dimen154
\pgf@pathmaxx=\dimen155
\pgf@pathminy=\dimen156
\pgf@pathmaxy=\dimen157
\pgf@xx=\dimen158
\pgf@xy=\dimen159
\pgf@yx=\dimen160
\pgf@yy=\dimen161
\pgf@zx=\dimen162
\pgf@zy=\dimen163
)
("C:\Users\jared\AppData\Local\Programs\MiKTeX 2.9\tex/generic/pgf/basiclayer\p
gfcorepathconstruct.code.tex"
File: pgfcorepathconstruct.code.tex 2020/01/08 v3.1.5b (3.1.5b)
\pgf@path@lastx=\dimen164
\pgf@path@lasty=\dimen165
)
("C:\Users\jared\AppData\Local\Programs\MiKTeX 2.9\tex/generic/pgf/basiclayer\p
gfcorepathusage.code.tex"
File: pgfcorepathusage.code.tex 2020/01/08 v3.1.5b (3.1.5b)
\pgf@shorten@end@additional=\dimen166
\pgf@shorten@start@additional=\dimen167
)
("C:\Users\jared\AppData\Local\Programs\MiKTeX 2.9\tex/generic/pgf/basiclayer\p
gfcorescopes.code.tex"
File: pgfcorescopes.code.tex 2020/01/08 v3.1.5b (3.1.5b)
\pgfpic=\box47
\pgf@hbox=\box48
\pgf@layerbox@main=\box49
\pgf@picture@serial@count=\count185
)
("C:\Users\jared\AppData\Local\Programs\MiKTeX 2.9\tex/generic/pgf/basiclayer\p
gfcoregraphicstate.code.tex"
File: pgfcoregraphicstate.code.tex 2020/01/08 v3.1.5b (3.1.5b)
\pgflinewidth=\dimen168
)
("C:\Users\jared\AppData\Local\Programs\MiKTeX 2.9\tex/generic/pgf/basiclayer\p
gfcoretransformations.code.tex"
File: pgfcoretransformations.code.tex 2020/01/08 v3.1.5b (3.1.5b)
\pgf@pt@x=\dimen169
\pgf@pt@y=\dimen170
\pgf@pt@temp=\dimen171
)
("C:\Users\jared\AppData\Local\Programs\MiKTeX 2.9\tex/generic/pgf/basiclayer\p
gfcorequick.code.tex"
File: pgfcorequick.code.tex 2020/01/08 v3.1.5b (3.1.5b)
)
("C:\Users\jared\AppData\Local\Programs\MiKTeX 2.9\tex/generic/pgf/basiclayer\p
gfcoreobjects.code.tex"
File: pgfcoreobjects.code.tex 2020/01/08 v3.1.5b (3.1.5b)
)
("C:\Users\jared\AppData\Local\Programs\MiKTeX 2.9\tex/generic/pgf/basiclayer\p
gfcorepathprocessing.code.tex"
File: pgfcorepathprocessing.code.tex 2020/01/08 v3.1.5b (3.1.5b)
)
("C:\Users\jared\AppData\Local\Programs\MiKTeX 2.9\tex/generic/pgf/basiclayer\p
gfcorearrows.code.tex"
File: pgfcorearrows.code.tex 2020/01/08 v3.1.5b (3.1.5b)
\pgfarrowsep=\dimen172
)
("C:\Users\jared\AppData\Local\Programs\MiKTeX 2.9\tex/generic/pgf/basiclayer\p
gfcoreshade.code.tex"
File: pgfcoreshade.code.tex 2020/01/08 v3.1.5b (3.1.5b)
\pgf@max=\dimen173
\pgf@sys@shading@range@num=\count186
\pgf@shadingcount=\count187
)
("C:\Users\jared\AppData\Local\Programs\MiKTeX 2.9\tex/generic/pgf/basiclayer\p
gfcoreimage.code.tex"
File: pgfcoreimage.code.tex 2020/01/08 v3.1.5b (3.1.5b)

("C:\Users\jared\AppData\Local\Programs\MiKTeX 2.9\tex/generic/pgf/basiclayer\p
gfcoreexternal.code.tex"
File: pgfcoreexternal.code.tex 2020/01/08 v3.1.5b (3.1.5b)
\pgfexternal@startupbox=\box50
))
("C:\Users\jared\AppData\Local\Programs\MiKTeX 2.9\tex/generic/pgf/basiclayer\p
gfcorelayers.code.tex"
File: pgfcorelayers.code.tex 2020/01/08 v3.1.5b (3.1.5b)
)
("C:\Users\jared\AppData\Local\Programs\MiKTeX 2.9\tex/generic/pgf/basiclayer\p
gfcoretransparency.code.tex"
File: pgfcoretransparency.code.tex 2020/01/08 v3.1.5b (3.1.5b)
)
("C:\Users\jared\AppData\Local\Programs\MiKTeX 2.9\tex/generic/pgf/basiclayer\p
gfcorepatterns.code.tex"
File: pgfcorepatterns.code.tex 2020/01/08 v3.1.5b (3.1.5b)
)
("C:\Users\jared\AppData\Local\Programs\MiKTeX 2.9\tex/generic/pgf/basiclayer\p
gfcorerdf.code.tex"
File: pgfcorerdf.code.tex 2020/01/08 v3.1.5b (3.1.5b)
)))
("C:\Users\jared\AppData\Local\Programs\MiKTeX 2.9\tex/generic/pgf/modules\pgfm
oduleshapes.code.tex"
File: pgfmoduleshapes.code.tex 2020/01/08 v3.1.5b (3.1.5b)
\pgfnodeparttextbox=\box51
)
("C:\Users\jared\AppData\Local\Programs\MiKTeX 2.9\tex/generic/pgf/modules\pgfm
oduleplot.code.tex"
File: pgfmoduleplot.code.tex 2020/01/08 v3.1.5b (3.1.5b)
)
("C:\Users\jared\AppData\Local\Programs\MiKTeX 2.9\tex/latex/pgf/compatibility\
pgfcomp-version-0-65.sty"
Package: pgfcomp-version-0-65 2020/01/08 v3.1.5b (3.1.5b)
\pgf@nodesepstart=\dimen174
\pgf@nodesepend=\dimen175
)
("C:\Users\jared\AppData\Local\Programs\MiKTeX 2.9\tex/latex/pgf/compatibility\
pgfcomp-version-1-18.sty"
Package: pgfcomp-version-1-18 2020/01/08 v3.1.5b (3.1.5b)
))
("C:\Users\jared\AppData\Local\Programs\MiKTeX 2.9\tex/latex/tools\verbatim.sty
"
Package: verbatim 2019/11/10 v1.5r LaTeX2e package for verbatim enhancements
\every@verbatim=\toks26
\verbatim@line=\toks27
\verbatim@in@stream=\read3
)
("C:\Users\jared\AppData\Local\Programs\MiKTeX 2.9\tex/latex/environ\environ.st
y"
Package: environ 2014/05/04 v0.3 A new way to define environments

("C:\Users\jared\AppData\Local\Programs\MiKTeX 2.9\tex/latex/trimspaces\trimspa
ces.sty"
Package: trimspaces 2009/09/17 v1.1 Trim spaces around a token list
)
\@envbody=\toks28
)
("C:\Users\jared\AppData\Local\Programs\MiKTeX 2.9\tex/latex/etoolbox\etoolbox.
sty"
Package: etoolbox 2020/08/24 v2.5j e-TeX tools for LaTeX (JAW)
\etb@tempcnta=\count188
)
\tcb@titlebox=\box52
\tcb@upperbox=\box53
\tcb@lowerbox=\box54
\tcb@phantombox=\box55
\c@tcbbreakpart=\count189
\c@tcblayer=\count190
\tcolorbox@number=\count191
\tcb@temp=\box56
\tcb@temp=\box57
\tcb@temp=\box58
\tcb@temp=\box59
\tcb@out=\write4
\tcb@record@out=\write5

("C:\Users\jared\AppData\Local\Programs\MiKTeX 2.9\tex/latex/tcolorbox\tcbbreak
able.code.tex"
Library (tcolorbox): 'tcbbreakable.code.tex' version '4.22'
\tcb@testbox=\box60
\tcb@totalupperbox=\box61
\tcb@totallowerbox=\box62
))
("C:\Users\jared\AppData\Local\Programs\MiKTeX 2.9\tex/latex/parskip\parskip.st
y"
Package: parskip 2020-06-15 v2.0f non-zero parskip adjustments

("C:\Users\jared\AppData\Local\Programs\MiKTeX 2.9\tex/latex/kvoptions\kvoption
s.sty"
Package: kvoptions 2019/11/29 v3.13 Key value format for package options (HO)

("C:\Users\jared\AppData\Local\Programs\MiKTeX 2.9\tex/generic/ltxcmds\ltxcmds.
sty"
Package: ltxcmds 2019/12/15 v1.24 LaTeX kernel commands for general use (HO)
)
("C:\Users\jared\AppData\Local\Programs\MiKTeX 2.9\tex/generic/kvsetkeys\kvsetk
eys.sty"
Package: kvsetkeys 2019/12/15 v1.18 Key value parser (HO)
)))
("C:\Users\jared\AppData\Local\Programs\MiKTeX 2.9\tex/generic/iftex\iftex.sty"
Package: iftex 2020/03/06 v1.0d TeX engine tests
) ("C:\Users\jared\AppData\Local\Programs\MiKTeX 2.9\tex/latex/base\fontenc.sty
"
Package: fontenc 2020/02/11 v2.0o Standard LaTeX package
)
("C:\Users\jared\AppData\Local\Programs\MiKTeX 2.9\tex/latex/psnfss\mathpazo.st
y"
Package: mathpazo 2020/03/25 PSNFSS-v9.3 Palatino w/ Pazo Math (D.Puga, WaS) 
\symupright=\mathgroup4
)
("C:\Users\jared\AppData\Local\Programs\MiKTeX 2.9\tex/latex/caption\caption.st
y"
Package: caption 2020/09/02 v3.5a Customizing captions (AR)

("C:\Users\jared\AppData\Local\Programs\MiKTeX 2.9\tex/latex/caption\caption3.s
ty"
Package: caption3 2020/08/30 v2.0 caption3 kernel (AR)
\captionmargin=\dimen176
\captionmargin@=\dimen177
\captionwidth=\dimen178
\caption@tempdima=\dimen179
\caption@indent=\dimen180
\caption@parindent=\dimen181
\caption@hangindent=\dimen182
Package caption Info: Standard document class detected.
)
\c@caption@flags=\count192
\c@continuedfloat=\count193
)
("C:\Users\jared\AppData\Local\Programs\MiKTeX 2.9\tex/latex/adjustbox\adjustbo
x.sty"
Package: adjustbox 2020/08/19 v1.3 Adjusting TeX boxes (trim, clip, ...)

("C:\Users\jared\AppData\Local\Programs\MiKTeX 2.9\tex/latex/xkeyval\xkeyval.st
y"
Package: xkeyval 2014/12/03 v2.7a package option processing (HA)

("C:\Users\jared\AppData\Local\Programs\MiKTeX 2.9\tex/generic/xkeyval\xkeyval.
tex"
("C:\Users\jared\AppData\Local\Programs\MiKTeX 2.9\tex/generic/xkeyval\xkvutils
.tex"
\XKV@toks=\toks29
\XKV@tempa@toks=\toks30
)
\XKV@depth=\count194
File: xkeyval.tex 2014/12/03 v2.7a key=value parser (HA)
))
("C:\Users\jared\AppData\Local\Programs\MiKTeX 2.9\tex/latex/adjustbox\adjcalc.
sty"
Package: adjcalc 2012/05/16 v1.1 Provides advanced setlength with multiple back
-ends (calc, etex, pgfmath)
)
("C:\Users\jared\AppData\Local\Programs\MiKTeX 2.9\tex/latex/adjustbox\trimclip
.sty"
Package: trimclip 2020/08/19 v1.2 Trim and clip general TeX material

("C:\Users\jared\AppData\Local\Programs\MiKTeX 2.9\tex/latex/collectbox\collect
box.sty"
Package: collectbox 2012/05/17 v0.4b Collect macro arguments as boxes
\collectedbox=\box63
)
\tc@llx=\dimen183
\tc@lly=\dimen184
\tc@urx=\dimen185
\tc@ury=\dimen186
Package trimclip Info: Using driver 'tc-pdftex.def'.

("C:\Users\jared\AppData\Local\Programs\MiKTeX 2.9\tex/latex/adjustbox\tc-pdfte
x.def"
File: tc-pdftex.def 2019/01/04 v2.2 Clipping driver for pdftex
))
\adjbox@Width=\dimen187
\adjbox@Height=\dimen188
\adjbox@Depth=\dimen189
\adjbox@Totalheight=\dimen190
\adjbox@pwidth=\dimen191
\adjbox@pheight=\dimen192
\adjbox@pdepth=\dimen193
\adjbox@ptotalheight=\dimen194

("C:\Users\jared\AppData\Local\Programs\MiKTeX 2.9\tex/latex/ifoddpage\ifoddpag
e.sty"
Package: ifoddpage 2016/04/23 v1.1 Conditionals for odd/even page detection
\c@checkoddpage=\count195
)
("C:\Users\jared\AppData\Local\Programs\MiKTeX 2.9\tex/latex/varwidth\varwidth.
sty"
Package: varwidth 2009/03/30 ver 0.92;  Variable-width minipages
\@vwid@box=\box64
\sift@deathcycles=\count196
\@vwid@loff=\dimen195
\@vwid@roff=\dimen196
))
("C:\Users\jared\AppData\Local\Programs\MiKTeX 2.9\tex/latex/float\float.sty"
Package: float 2001/11/08 v1.3d Float enhancements (AL)
\c@float@type=\count197
\float@exts=\toks31
\float@box=\box65
\@float@everytoks=\toks32
\@floatcapt=\box66
)
("C:\Users\jared\AppData\Local\Programs\MiKTeX 2.9\tex/latex/tools\enumerate.st
y"
Package: enumerate 2015/07/23 v3.00 enumerate extensions (DPC)
\@enLab=\toks33
)
("C:\Users\jared\AppData\Local\Programs\MiKTeX 2.9\tex/latex/geometry\geometry.
sty"
Package: geometry 2020/01/02 v5.9 Page Geometry

("C:\Users\jared\AppData\Local\Programs\MiKTeX 2.9\tex/generic/iftex\ifvtex.sty
"
Package: ifvtex 2019/10/25 v1.7 ifvtex legacy package. Use iftex instead.
)
\Gm@cnth=\count198
\Gm@cntv=\count199
\c@Gm@tempcnt=\count266
\Gm@bindingoffset=\dimen197
\Gm@wd@mp=\dimen198
\Gm@odd@mp=\dimen199
\Gm@even@mp=\dimen256
\Gm@layoutwidth=\dimen257
\Gm@layoutheight=\dimen258
\Gm@layouthoffset=\dimen259
\Gm@layoutvoffset=\dimen260
\Gm@dimlist=\toks34

("C:\Users\jared\AppData\Local\Programs\MiKTeX 2.9\tex/latex/geometry\geometry.
cfg"))
("C:\Users\jared\AppData\Local\Programs\MiKTeX 2.9\tex/latex/amsmath\amsmath.st
y"
Package: amsmath 2020/01/20 v2.17e AMS math features
\@mathmargin=\skip49

For additional information on amsmath, use the `?' option.

("C:\Users\jared\AppData\Local\Programs\MiKTeX 2.9\tex/latex/amsmath\amstext.st
y"
Package: amstext 2000/06/29 v2.01 AMS text

("C:\Users\jared\AppData\Local\Programs\MiKTeX 2.9\tex/latex/amsmath\amsgen.sty
"
File: amsgen.sty 1999/11/30 v2.0 generic functions
\@emptytoks=\toks35
\ex@=\dimen261
))
("C:\Users\jared\AppData\Local\Programs\MiKTeX 2.9\tex/latex/amsmath\amsbsy.sty
"
Package: amsbsy 1999/11/29 v1.2d Bold Symbols
\pmbraise@=\dimen262
)
("C:\Users\jared\AppData\Local\Programs\MiKTeX 2.9\tex/latex/amsmath\amsopn.sty
"
Package: amsopn 2016/03/08 v2.02 operator names
)
\inf@bad=\count267
LaTeX Info: Redefining \frac on input line 227.
\uproot@=\count268
\leftroot@=\count269
LaTeX Info: Redefining \overline on input line 389.
\classnum@=\count270
\DOTSCASE@=\count271
LaTeX Info: Redefining \ldots on input line 486.
LaTeX Info: Redefining \dots on input line 489.
LaTeX Info: Redefining \cdots on input line 610.
\Mathstrutbox@=\box67
\strutbox@=\box68
\big@size=\dimen263
LaTeX Font Info:    Redeclaring font encoding OML on input line 733.
LaTeX Font Info:    Redeclaring font encoding OMS on input line 734.
\macc@depth=\count272
\c@MaxMatrixCols=\count273
\dotsspace@=\muskip16
\c@parentequation=\count274
\dspbrk@lvl=\count275
\tag@help=\toks36
\row@=\count276
\column@=\count277
\maxfields@=\count278
\andhelp@=\toks37
\eqnshift@=\dimen264
\alignsep@=\dimen265
\tagshift@=\dimen266
\tagwidth@=\dimen267
\totwidth@=\dimen268
\lineht@=\dimen269
\@envbody=\toks38
\multlinegap=\skip50
\multlinetaggap=\skip51
\mathdisplay@stack=\toks39
LaTeX Info: Redefining \[ on input line 2859.
LaTeX Info: Redefining \] on input line 2860.
)
("C:\Users\jared\AppData\Local\Programs\MiKTeX 2.9\tex/latex/amsfonts\amssymb.s
ty"
Package: amssymb 2013/01/14 v3.01 AMS font symbols

("C:\Users\jared\AppData\Local\Programs\MiKTeX 2.9\tex/latex/amsfonts\amsfonts.
sty"
Package: amsfonts 2013/01/14 v3.01 Basic AMSFonts support
\symAMSa=\mathgroup5
\symAMSb=\mathgroup6
LaTeX Font Info:    Redeclaring math symbol \hbar on input line 98.
LaTeX Font Info:    Overwriting math alphabet `\mathfrak' in version `bold'
(Font)                  U/euf/m/n --> U/euf/b/n on input line 106.
))
("C:\Users\jared\AppData\Local\Programs\MiKTeX 2.9\tex/latex/base\textcomp.sty"
Package: textcomp 2020/02/02 v2.0n Standard LaTeX package
)
("C:\Users\jared\AppData\Local\Programs\MiKTeX 2.9\tex/latex/upquote\upquote.st
y"
Package: upquote 2012/04/19 v1.3 upright-quote and grave-accent glyphs in verba
tim
)
("C:\Users\jared\AppData\Local\Programs\MiKTeX 2.9\tex/latex/eurosym\eurosym.st
y"
Package: eurosym 1998/08/06 v1.1 European currency symbol ``Euro''
\@eurobox=\box69
) ("C:\Users\jared\AppData\Local\Programs\MiKTeX 2.9\tex/latex/ucs\ucs.sty"
Package: ucs 2013/05/11 v2.2 UCS: Unicode input support

("C:\Users\jared\AppData\Local\Programs\MiKTeX 2.9\tex/latex/ucs\uni-global.def
"
File: uni-global.def 2013/05/13 UCS: Unicode global data
)
\uc@secondtry=\count279
\uc@combtoks=\toks40
\uc@combtoksb=\toks41
\uc@temptokena=\toks42
)
("C:\Users\jared\AppData\Local\Programs\MiKTeX 2.9\tex/latex/fancyvrb\fancyvrb.
sty"
Package: fancyvrb 2020/05/03 v3.6 verbatim text (tvz,hv)
\FV@CodeLineNo=\count280
\FV@InFile=\read4
\FV@TabBox=\box70
\c@FancyVerbLine=\count281
\FV@StepNumber=\count282
\FV@OutFile=\write6
)
("C:\Users\jared\AppData\Local\Programs\MiKTeX 2.9\tex/latex/grffile\grffile.st
y"
Package: grffile 2019/11/11 v2.1 Extended file name support for graphics (legac
y)
Package grffile Info: This package is an empty stub for compatibility on input 
line 40.
)
("C:\Users\jared\AppData\Local\Programs\MiKTeX 2.9\tex/latex/hyperref\hyperref.
sty"
Package: hyperref 2020-05-15 v7.00e Hypertext links for LaTeX

("C:\Users\jared\AppData\Local\Programs\MiKTeX 2.9\tex/generic/pdftexcmds\pdfte
xcmds.sty"
Package: pdftexcmds 2020-06-27 v0.33 Utility functions of pdfTeX for LuaTeX (HO
)

("C:\Users\jared\AppData\Local\Programs\MiKTeX 2.9\tex/generic/infwarerr\infwar
err.sty"
Package: infwarerr 2019/12/03 v1.5 Providing info/warning/error messages (HO)
)
Package pdftexcmds Info: \pdf@primitive is available.
Package pdftexcmds Info: \pdf@ifprimitive is available.
Package pdftexcmds Info: \pdfdraftmode found.
)
("C:\Users\jared\AppData\Local\Programs\MiKTeX 2.9\tex/generic/kvdefinekeys\kvd
efinekeys.sty"
Package: kvdefinekeys 2019-12-19 v1.6 Define keys (HO)
)
("C:\Users\jared\AppData\Local\Programs\MiKTeX 2.9\tex/generic/pdfescape\pdfesc
ape.sty"
Package: pdfescape 2019/12/09 v1.15 Implements pdfTeX's escape features (HO)
)
("C:\Users\jared\AppData\Local\Programs\MiKTeX 2.9\tex/latex/hycolor\hycolor.st
y"
Package: hycolor 2020-01-27 v1.10 Color options for hyperref/bookmark (HO)
)
("C:\Users\jared\AppData\Local\Programs\MiKTeX 2.9\tex/latex/letltxmacro\letltx
macro.sty"
Package: letltxmacro 2019/12/03 v1.6 Let assignment for LaTeX macros (HO)
)
("C:\Users\jared\AppData\Local\Programs\MiKTeX 2.9\tex/latex/auxhook\auxhook.st
y"
Package: auxhook 2019-12-17 v1.6 Hooks for auxiliary files (HO)
)
\@linkdim=\dimen270
\Hy@linkcounter=\count283
\Hy@pagecounter=\count284

("C:\Users\jared\AppData\Local\Programs\MiKTeX 2.9\tex/latex/hyperref\pd1enc.de
f"
File: pd1enc.def 2020-05-15 v7.00e Hyperref: PDFDocEncoding definition (HO)
Now handling font encoding PD1 ...
... no UTF-8 mapping file for font encoding PD1
)
("C:\Users\jared\AppData\Local\Programs\MiKTeX 2.9\tex/generic/intcalc\intcalc.
sty"
Package: intcalc 2019/12/15 v1.3 Expandable calculations with integers (HO)
)
("C:\Users\jared\AppData\Local\Programs\MiKTeX 2.9\tex/generic/etexcmds\etexcmd
s.sty"
Package: etexcmds 2019/12/15 v1.7 Avoid name clashes with e-TeX commands (HO)
)
\Hy@SavedSpaceFactor=\count285
Package hyperref Info: Hyper figures OFF on input line 4464.
Package hyperref Info: Link nesting OFF on input line 4469.
Package hyperref Info: Hyper index ON on input line 4472.
Package hyperref Info: Plain pages OFF on input line 4479.
Package hyperref Info: Backreferencing OFF on input line 4484.
Package hyperref Info: Implicit mode ON; LaTeX internals redefined.
Package hyperref Info: Bookmarks ON on input line 4717.
\c@Hy@tempcnt=\count286
 ("C:\Users\jared\AppData\Local\Programs\MiKTeX 2.9\tex/latex/url\url.sty"
\Urlmuskip=\muskip17
Package: url 2013/09/16  ver 3.4  Verb mode for urls, etc.
)
LaTeX Info: Redefining \url on input line 5076.
\XeTeXLinkMargin=\dimen271

("C:\Users\jared\AppData\Local\Programs\MiKTeX 2.9\tex/generic/bitset\bitset.st
y"
Package: bitset 2019/12/09 v1.3 Handle bit-vector datatype (HO)

("C:\Users\jared\AppData\Local\Programs\MiKTeX 2.9\tex/generic/bigintcalc\bigin
tcalc.sty"
Package: bigintcalc 2019/12/15 v1.5 Expandable calculations on big integers (HO
)
))
\Fld@menulength=\count287
\Field@Width=\dimen272
\Fld@charsize=\dimen273
Package hyperref Info: Hyper figures OFF on input line 6347.
Package hyperref Info: Link nesting OFF on input line 6352.
Package hyperref Info: Hyper index ON on input line 6355.
Package hyperref Info: backreferencing OFF on input line 6362.
Package hyperref Info: Link coloring OFF on input line 6367.
Package hyperref Info: Link coloring with OCG OFF on input line 6372.
Package hyperref Info: PDF/A mode OFF on input line 6377.
LaTeX Info: Redefining \ref on input line 6417.
LaTeX Info: Redefining \pageref on input line 6421.

("C:\Users\jared\AppData\Local\Programs\MiKTeX 2.9\tex/generic/atbegshi\atbegsh
i.sty"
Package: atbegshi 2019/12/05 v1.19 At begin shipout hook (HO)
)
\Hy@abspage=\count288
\c@Item=\count289
\c@Hfootnote=\count290
)
Package hyperref Info: Driver (autodetected): hpdftex.

("C:\Users\jared\AppData\Local\Programs\MiKTeX 2.9\tex/latex/hyperref\hpdftex.d
ef"
File: hpdftex.def 2020-05-15 v7.00e Hyperref driver for pdfTeX

("C:\Users\jared\AppData\Local\Programs\MiKTeX 2.9\tex/latex/atveryend\atveryen
d.sty"
Package: atveryend 2019-12-11 v1.11 Hooks at the very end of document (HO)
)
\Fld@listcount=\count291
\c@bookmark@seq@number=\count292

("C:\Users\jared\AppData\Local\Programs\MiKTeX 2.9\tex/latex/rerunfilecheck\rer
unfilecheck.sty"
Package: rerunfilecheck 2019/12/05 v1.9 Rerun checks for auxiliary files (HO)

("C:\Users\jared\AppData\Local\Programs\MiKTeX 2.9\tex/generic/uniquecounter\un
iquecounter.sty"
Package: uniquecounter 2019/12/15 v1.4 Provide unlimited unique counter (HO)
)
Package uniquecounter Info: New unique counter `rerunfilecheck' on input line 2
86.
)
\Hy@SectionHShift=\skip52
)
("C:\Users\jared\AppData\Local\Programs\MiKTeX 2.9\tex/latex/titling\titling.st
y"
Package: titling 2009/09/04 v2.1d maketitle typesetting
\thanksmarkwidth=\skip53
\thanksmargin=\skip54
\droptitle=\skip55
)
("C:\Users\jared\AppData\Local\Programs\MiKTeX 2.9\tex/latex/tools\longtable.st
y"
Package: longtable 2020/01/07 v4.13 Multi-page Table package (DPC)
\LTleft=\skip56
\LTright=\skip57
\LTpre=\skip58
\LTpost=\skip59
\LTchunksize=\count293
\LTcapwidth=\dimen274
\LT@head=\box71
\LT@firsthead=\box72
\LT@foot=\box73
\LT@lastfoot=\box74
\LT@cols=\count294
\LT@rows=\count295
\c@LT@tables=\count296
\c@LT@chunks=\count297
\LT@p@ftn=\toks43
)
("C:\Users\jared\AppData\Local\Programs\MiKTeX 2.9\tex/latex/booktabs\booktabs.
sty"
Package: booktabs 2020/01/12 v1.61803398 Publication quality tables
\heavyrulewidth=\dimen275
\lightrulewidth=\dimen276
\cmidrulewidth=\dimen277
\belowrulesep=\dimen278
\belowbottomsep=\dimen279
\aboverulesep=\dimen280
\abovetopsep=\dimen281
\cmidrulesep=\dimen282
\cmidrulekern=\dimen283
\defaultaddspace=\dimen284
\@cmidla=\count298
\@cmidlb=\count299
\@aboverulesep=\dimen285
\@belowrulesep=\dimen286
\@thisruleclass=\count300
\@lastruleclass=\count301
\@thisrulewidth=\dimen287
)
("C:\Users\jared\AppData\Local\Programs\MiKTeX 2.9\tex/latex/enumitem\enumitem.
sty"
Package: enumitem 2019/06/20 v3.9 Customized lists
\labelindent=\skip60
\enit@outerparindent=\dimen288
\enit@toks=\toks44
\enit@inbox=\box75
\enit@count@id=\count302
\enitdp@description=\count303
) ("C:\Users\jared\AppData\Local\Programs\MiKTeX 2.9\tex/latex/ulem\ulem.sty"
\UL@box=\box76
\UL@hyphenbox=\box77
\UL@skip=\skip61
\UL@hook=\toks45
\UL@height=\dimen289
\UL@pe=\count304
\UL@pixel=\dimen290
\ULC@box=\box78
Package: ulem 2019/11/18
\ULdepth=\dimen291
)
("C:\Users\jared\AppData\Local\Programs\MiKTeX 2.9\tex/latex/jknappen\mathrsfs.
sty"
Package: mathrsfs 1996/01/01 Math RSFS package v1.0 (jk)
\symrsfs=\mathgroup7
)
\Wrappedcontinuationbox=\box79
\Wrappedvisiblespacebox=\box80
Package hyperref Info: Option `breaklinks' set `true' on input line 359.
Package hyperref Info: Option `colorlinks' set `true' on input line 359.

("C:\Users\jared\AppData\Local\Programs\MiKTeX 2.9\tex/latex/l3backend\l3backen
d-pdftex.def"
File: l3backend-pdftex.def 2020-09-01 L3 backend support: PDF output (pdfTeX)
\l__kernel_color_stack_int=\count305
\l__pdf_internal_box=\box81
)
No file "Scalar LinearSDE Model Reduction".aux.
\openout1 = `"Scalar LinearSDE Model Reduction.aux"'.

LaTeX Font Info:    Checking defaults for OML/cmm/m/it on input line 366.
LaTeX Font Info:    ... okay on input line 366.
LaTeX Font Info:    Checking defaults for OMS/cmsy/m/n on input line 366.
LaTeX Font Info:    ... okay on input line 366.
LaTeX Font Info:    Checking defaults for OT1/cmr/m/n on input line 366.
LaTeX Font Info:    ... okay on input line 366.
LaTeX Font Info:    Checking defaults for T1/cmr/m/n on input line 366.
LaTeX Font Info:    ... okay on input line 366.
LaTeX Font Info:    Checking defaults for TS1/cmr/m/n on input line 366.
LaTeX Font Info:    ... okay on input line 366.
LaTeX Font Info:    Checking defaults for OMX/cmex/m/n on input line 366.
LaTeX Font Info:    ... okay on input line 366.
LaTeX Font Info:    Checking defaults for U/cmr/m/n on input line 366.
LaTeX Font Info:    ... okay on input line 366.
LaTeX Font Info:    Checking defaults for PD1/pdf/m/n on input line 366.
LaTeX Font Info:    ... okay on input line 366.
LaTeX Font Info:    Trying to load font information for T1+ppl on input line 36
6.
("C:\Users\jared\AppData\Local\Programs\MiKTeX 2.9\tex/latex/psnfss\t1ppl.fd"
File: t1ppl.fd 2001/06/04 font definitions for T1/ppl.
)
ABD: EveryShipout initializing macros
("C:\Users\jared\AppData\Local\Programs\MiKTeX 2.9\tex/context/base/mkii\supp-p
df.mkii"
[Loading MPS to PDF converter (version 2006.09.02).]
\scratchcounter=\count306
\scratchdimen=\dimen292
\scratchbox=\box82
\nofMPsegments=\count307
\nofMParguments=\count308
\everyMPshowfont=\toks46
\MPscratchCnt=\count309
\MPscratchDim=\dimen293
\MPnumerator=\count310
\makeMPintoPDFobject=\count311
\everyMPtoPDFconversion=\toks47
)
("C:\Users\jared\AppData\Local\Programs\MiKTeX 2.9\tex/latex/epstopdf-pkg\epsto
pdf-base.sty"
Package: epstopdf-base 2020-01-24 v2.11 Base part for package epstopdf
Package epstopdf-base Info: Redefining graphics rule for `.eps' on input line 4
85.
)
Package caption Info: Begin \AtBeginDocument code.
Package caption Info: float package is loaded.
Package caption Info: hyperref package is loaded.
Package caption Info: longtable package is loaded.

("C:\Users\jared\AppData\Local\Programs\MiKTeX 2.9\tex/latex/caption\ltcaption.
sty"
Package: ltcaption 2020/05/30 v1.4b longtable captions (AR)
)
Package caption Info: End \AtBeginDocument code.

*geometry* driver: auto-detecting
*geometry* detected driver: pdftex
*geometry* verbose mode - [ preamble ] result:
* driver: pdftex
* paper: <default>
* layout: <same size as paper>
* layoutoffset:(h,v)=(0.0pt,0.0pt)
* modes: 
* h-part:(L,W,R)=(72.26999pt, 469.75502pt, 72.26999pt)
* v-part:(T,H,B)=(72.26999pt, 650.43001pt, 72.26999pt)
* \paperwidth=614.295pt
* \paperheight=794.96999pt
* \textwidth=469.75502pt
* \textheight=650.43001pt
* \oddsidemargin=0.0pt
* \evensidemargin=0.0pt
* \topmargin=-37.0pt
* \headheight=12.0pt
* \headsep=25.0pt
* \topskip=11.0pt
* \footskip=30.0pt
* \marginparwidth=59.0pt
* \marginparsep=10.0pt
* \columnsep=10.0pt
* \skip\footins=10.0pt plus 4.0pt minus 2.0pt
* \hoffset=0.0pt
* \voffset=0.0pt
* \mag=1000
* \@twocolumnfalse
* \@twosidefalse
* \@mparswitchfalse
* \@reversemarginfalse
* (1in=72.27pt=25.4mm, 1cm=28.453pt)

("C:\Users\jared\AppData\Local\Programs\MiKTeX 2.9\tex/latex/ucs\ucsencs.def"
File: ucsencs.def 2011/01/21 Fixes to fontencodings LGR, T3
)
\AtBeginShipoutBox=\box83
Package hyperref Info: Link coloring ON on input line 366.

("C:\Users\jared\AppData\Local\Programs\MiKTeX 2.9\tex/latex/hyperref\nameref.s
ty"
Package: nameref 2019/09/16 v2.46 Cross-referencing by name of section

("C:\Users\jared\AppData\Local\Programs\MiKTeX 2.9\tex/latex/refcount\refcount.
sty"
Package: refcount 2019/12/15 v3.6 Data extraction from label references (HO)
)
("C:\Users\jared\AppData\Local\Programs\MiKTeX 2.9\tex/generic/gettitlestring\g
ettitlestring.sty"
Package: gettitlestring 2019/12/15 v1.6 Cleanup title references (HO)
)
\c@section@level=\count312
)
LaTeX Info: Redefining \ref on input line 366.
LaTeX Info: Redefining \pageref on input line 366.
LaTeX Info: Redefining \nameref on input line 366.
\@outlinefile=\write7
\openout7 = `"Scalar LinearSDE Model Reduction.out"'.

LaTeX Font Info:    Trying to load font information for OT1+ppl on input line 3
68.

("C:\Users\jared\AppData\Local\Programs\MiKTeX 2.9\tex/latex/psnfss\ot1ppl.fd"
File: ot1ppl.fd 2001/06/04 font definitions for OT1/ppl.
)
LaTeX Font Info:    Trying to load font information for OML+zplm on input line 
368.
("C:\Users\jared\AppData\Local\Programs\MiKTeX 2.9\tex/latex/psnfss\omlzplm.fd"
File: omlzplm.fd 2002/09/08 Fontinst v1.914 font definitions for OML/zplm.
)
LaTeX Font Info:    Trying to load font information for OMS+zplm on input line 
368.
 ("C:\Users\jared\AppData\Local\Programs\MiKTeX 2.9\tex/latex/psnfss\omszplm.fd
"
File: omszplm.fd 2002/09/08 Fontinst v1.914 font definitions for OMS/zplm.
)
LaTeX Font Info:    Trying to load font information for OMX+zplm on input line 
368.

("C:\Users\jared\AppData\Local\Programs\MiKTeX 2.9\tex/latex/psnfss\omxzplm.fd"
File: omxzplm.fd 2002/09/08 Fontinst v1.914 font definitions for OMX/zplm.
)
LaTeX Font Info:    Trying to load font information for OT1+zplm on input line 
368.
 ("C:\Users\jared\AppData\Local\Programs\MiKTeX 2.9\tex/latex/psnfss\ot1zplm.fd
"
File: ot1zplm.fd 2002/09/08 Fontinst v1.914 font definitions for OT1/zplm.
)
LaTeX Font Info:    Font shape `U/msa/m/n' will be
(Font)              scaled to size 12.50409pt on input line 368.
LaTeX Font Info:    Font shape `U/msa/m/n' will be
(Font)              scaled to size 9.37807pt on input line 368.
LaTeX Font Info:    Font shape `U/msa/m/n' will be
(Font)              scaled to size 7.29405pt on input line 368.
LaTeX Font Info:    Font shape `U/msb/m/n' will be
(Font)              scaled to size 12.50409pt on input line 368.
LaTeX Font Info:    Font shape `U/msb/m/n' will be
(Font)              scaled to size 9.37807pt on input line 368.
LaTeX Font Info:    Font shape `U/msb/m/n' will be
(Font)              scaled to size 7.29405pt on input line 368.
LaTeX Font Info:    Trying to load font information for U+rsfs on input line 36
8.

("C:\Users\jared\AppData\Local\Programs\MiKTeX 2.9\tex/latex/jknappen\ursfs.fd"
File: ursfs.fd 1998/03/24 rsfs font definition file (jk)
)

LaTeX Warning: No \author given.

LaTeX Font Info:    Trying to load font information for T1+cmtt on input line 3
78.
("C:\Users\jared\AppData\Local\Programs\MiKTeX 2.9\tex/latex/base\t1cmtt.fd"
File: t1cmtt.fd 2019/12/16 v2.5j Standard LaTeX font definitions
)
LaTeX Font Info:    Font shape `U/msa/m/n' will be
(Font)              scaled to size 6.25204pt on input line 379.
LaTeX Font Info:    Font shape `U/msa/m/n' will be
(Font)              scaled to size 5.21004pt on input line 379.
LaTeX Font Info:    Font shape `U/msb/m/n' will be
(Font)              scaled to size 6.25204pt on input line 379.
LaTeX Font Info:    Font shape `U/msb/m/n' will be
(Font)              scaled to size 5.21004pt on input line 379.
LaTeX Font Info:    Font shape `T1/cmtt/bx/n' in size <10.95> not available
(Font)              Font shape `T1/cmtt/m/n' tried instead on input line 381.
LaTeX Font Info:    Font shape `U/msa/m/n' will be
(Font)              scaled to size 11.40997pt on input line 401.
LaTeX Font Info:    Font shape `U/msa/m/n' will be
(Font)              scaled to size 8.33606pt on input line 401.
LaTeX Font Info:    Font shape `U/msb/m/n' will be
(Font)              scaled to size 11.40997pt on input line 401.
LaTeX Font Info:    Font shape `U/msb/m/n' will be
(Font)              scaled to size 8.33606pt on input line 401.


! Package inputenc Error: Unicode character σ (U+03C3)
(inputenc)                not set up for use with LaTeX.

See the inputenc package documentation for explanation.
Type  H <return>  for immediate help.
 ...                                              
                                                  
l.412 ...+m+mi}{1}\PY{p}{,}\PY{l+m+mi}{1}\PY{p}{)}
                                                  
You may provide a definition with
\DeclareUnicodeCharacter 


! Package inputenc Error: Unicode character Δ (U+0394)
(inputenc)                not set up for use with LaTeX.

See the inputenc package documentation for explanation.
Type  H <return>  for immediate help.
 ...                                              
                                                  
l.422 ...  \PY{o}{=} \PY{n}{h}\PY{o}{*}\PY{n}{gap}
                                                  
You may provide a definition with
\DeclareUnicodeCharacter 


! Package inputenc Error: Unicode character σ (U+03C3)
(inputenc)                not set up for use with LaTeX.

See the inputenc package documentation for explanation.
Type  H <return>  for immediate help.
 ...                                              
                                                  
l.427     \PY{n}{σ} \PY{o}{=} \PY{n}{σ}\PY{p}{,}
                                                  
You may provide a definition with
\DeclareUnicodeCharacter 


! Package inputenc Error: Unicode character σ (U+03C3)
(inputenc)                not set up for use with LaTeX.

See the inputenc package documentation for explanation.
Type  H <return>  for immediate help.
 ...                                              
                                                  
l.427     \PY{n}{σ} \PY{o}{=} \PY{n}{σ}\PY{p}{,}
                                                  
You may provide a definition with
\DeclareUnicodeCharacter 


! Package inputenc Error: Unicode character τ (U+03C4)
(inputenc)                not set up for use with LaTeX.

See the inputenc package documentation for explanation.
Type  H <return>  for immediate help.
 ...                                              
                                                  
l.439 ...{:}\PY{p}{]}\PY{p}{)}\PY{o}{*}\PY{n}{Δt}
                                                  
You may provide a definition with
\DeclareUnicodeCharacter 


! Package inputenc Error: Unicode character τ (U+03C4)
(inputenc)                not set up for use with LaTeX.

See the inputenc package documentation for explanation.
Type  H <return>  for immediate help.
 ...                                              
                                                  
l.439 ...{:}\PY{p}{]}\PY{p}{)}\PY{o}{*}\PY{n}{Δt}
                                                  
You may provide a definition with
\DeclareUnicodeCharacter 


! Package inputenc Error: Unicode character Δ (U+0394)
(inputenc)                not set up for use with LaTeX.

See the inputenc package documentation for explanation.
Type  H <return>  for immediate help.
 ...                                              
                                                  
l.439 ...{:}\PY{p}{]}\PY{p}{)}\PY{o}{*}\PY{n}{Δt}
                                                  
You may provide a definition with
\DeclareUnicodeCharacter 


! Package inputenc Error: Unicode character Δ (U+0394)
(inputenc)                not set up for use with LaTeX.

See the inputenc package documentation for explanation.
Type  H <return>  for immediate help.
 ...                                              
                                                  
l.440 ...\PY{n}{Δt}\PY{o}{/}\PY{n}{τ\PYZus{}int}
                                                  
You may provide a definition with
\DeclareUnicodeCharacter 


! Package inputenc Error: Unicode character τ (U+03C4)
(inputenc)                not set up for use with LaTeX.

See the inputenc package documentation for explanation.
Type  H <return>  for immediate help.
 ...                                              
                                                  
l.440 ...\PY{n}{Δt}\PY{o}{/}\PY{n}{τ\PYZus{}int}
                                                  
You may provide a definition with
\DeclareUnicodeCharacter 

[1

{C:/Users/jared/AppData/Local/MiKTeX/2.9/pdftex/config/pdftex.map}]
LaTeX Font Info:    Trying to load font information for TS1+cmtt on input line 
470.

("C:\Users\jared\AppData\Local\Programs\MiKTeX 2.9\tex/latex/base\ts1cmtt.fd"
File: ts1cmtt.fd 2019/12/16 v2.5j Standard LaTeX font definitions
)

! Package inputenc Error: Unicode character τ (U+03C4)
(inputenc)                not set up for use with LaTeX.

See the inputenc package documentation for explanation.
Type  H <return>  for immediate help.
 ...                                              
                                                  
l.478 ...p}\PY{p}{,} \PY{n}{N\PYZus{}eff}\PY{p}{)}
                                                  
You may provide a definition with
\DeclareUnicodeCharacter 

[2]

! Package inputenc Error: Unicode character σ (U+03C3)
(inputenc)                not set up for use with LaTeX.

See the inputenc package documentation for explanation.
Type  H <return>  for immediate help.
 ...                                              
                                                  
l.581 ...}\PY{n}{randn}\PY{p}{(}\PY{n}{d}\PY{p}{)}
                                                  
You may provide a definition with
\DeclareUnicodeCharacter 

[3]

! Package inputenc Error: Unicode character σ (U+03C3)
(inputenc)                not set up for use with LaTeX.

See the inputenc package documentation for explanation.
Type  H <return>  for immediate help.
 ...                                              
                                                  
l.593 ...{}} \PY{o}{=\PYZgt{}} \PY{n}{σ}\PY{p}{,}
                                                  
You may provide a definition with
\DeclareUnicodeCharacter 


! Package inputenc Error: Unicode character σ (U+03C3)
(inputenc)                not set up for use with LaTeX.

See the inputenc package documentation for explanation.
Type  H <return>  for immediate help.
 ...                                              
                                                  
l.593 ...{}} \PY{o}{=\PYZgt{}} \PY{n}{σ}\PY{p}{,}
                                                  
You may provide a definition with
\DeclareUnicodeCharacter 


! Package inputenc Error: Unicode character σ (U+03C3)
(inputenc)                not set up for use with LaTeX.

See the inputenc package documentation for explanation.
Type  H <return>  for immediate help.
 ...                                              
                                                  
l.635   "σ"            => [1]
                              
You may provide a definition with
\DeclareUnicodeCharacter 

[4]
<output_18_0.png, id=41, 397.485pt x 298.4751pt>
File: output_18_0.png Graphic file (type png)
<use output_18_0.png>
Package pdftex.def Info: output_18_0.png  used on input line 696.
(pdftex.def)             Requested size: 397.48402pt x 298.47437pt.

Underfull \hbox (badness 10000) in paragraph at lines 698--699

 []

[5 <./output_18_0.png>]
<output_19_0.png, id=48, 401.8212pt x 298.4751pt>
File: output_19_0.png Graphic file (type png)
<use output_19_0.png>
Package pdftex.def Info: output_19_0.png  used on input line 718.
(pdftex.def)             Requested size: 401.8202pt x 298.47437pt.

Underfull \hbox (badness 10000) in paragraph at lines 720--721

 []

[6 <./output_19_0.png>]
<output_20_0.png, id=54, 395.3169pt x 298.4751pt>
File: output_20_0.png Graphic file (type png)
<use output_20_0.png>
Package pdftex.def Info: output_20_0.png  used on input line 755.
(pdftex.def)             Requested size: 395.31592pt x 298.47437pt.

Underfull \hbox (badness 10000) in paragraph at lines 757--758

 []


! Package inputenc Error: Unicode character Θ (U+0398)
(inputenc)                not set up for use with LaTeX.

See the inputenc package documentation for explanation.
Type  H <return>  for immediate help.
 ...                                              
                                                  
l.780 ...PY{n}{nfft}\PY{p}{)}\PY{o}{/}\PY{n}{nfft}
                                                  
You may provide a definition with
\DeclareUnicodeCharacter 


! Package inputenc Error: Unicode character π (U+03C0)
(inputenc)                not set up for use with LaTeX.

See the inputenc package documentation for explanation.
Type  H <return>  for immediate help.
 ...                                              
                                                  
l.780 ...PY{n}{nfft}\PY{p}{)}\PY{o}{/}\PY{n}{nfft}
                                                  
You may provide a definition with
\DeclareUnicodeCharacter 


! Package inputenc Error: Unicode character Θ (U+0398)
(inputenc)                not set up for use with LaTeX.

See the inputenc package documentation for explanation.
Type  H <return>  for immediate help.
 ...                                              
                                                  
l.781 ...\PY{n+nb}{im}\PY{o}{*}\PY{n}{Θ}\PY{p}{)}
                                                  
You may provide a definition with
\DeclareUnicodeCharacter 


! Package inputenc Error: Unicode character σ (U+03C3)
(inputenc)                not set up for use with LaTeX.

See the inputenc package documentation for explanation.
Type  H <return>  for immediate help.
 ...                                              
                                                  
l.784 ...}{a}\PY{o}{*}\PY{n}{z}\PY{p}{)} \PY{p}{)}
                                                  
You may provide a definition with
\DeclareUnicodeCharacter 


! Package inputenc Error: Unicode character Θ (U+0398)
(inputenc)                not set up for use with LaTeX.

See the inputenc package documentation for explanation.
Type  H <return>  for immediate help.
 ...                                              
                                                  
l.787 ...YZus{}spect\PYZus{}ana}\PY{p}{]}\PY{p}{)}
                                                  
You may provide a definition with
\DeclareUnicodeCharacter 

[7 <./output_20_0.png>]
<output_21_0.png, id=61, 403.2666pt x 298.4751pt>
File: output_21_0.png Graphic file (type png)
<use output_21_0.png>
Package pdftex.def Info: output_21_0.png  used on input line 792.
(pdftex.def)             Requested size: 403.26561pt x 298.47437pt.

Underfull \hbox (badness 10000) in paragraph at lines 794--795

 []

[8 <./output_21_0.png>]
Package atveryend Info: Empty hook `BeforeClearDocument' on input line 818.
Package atveryend Info: Empty hook `AfterLastShipout' on input line 818.
 ("Scalar LinearSDE Model Reduction.aux")
Package atveryend Info: Executing hook `AtVeryEndDocument' on input line 818.
Package atveryend Info: Executing hook `AtEndAfterFileList' on input line 818.


Package rerunfilecheck Warning: File `"Scalar LinearSDE Model Reduction".out' h
as changed.
(rerunfilecheck)                Rerun to get outlines right
(rerunfilecheck)                or use package `bookmark'.

Package rerunfilecheck Info: Checksums for `"Scalar LinearSDE Model Reduction".
out':
(rerunfilecheck)             Before: <no file>
(rerunfilecheck)             After:  924E971BC55B98019FEB697D9AF0EACF;318.

LaTeX Warning: Label(s) may have changed. Rerun to get cross-references right.

 ) 
Here is how much of TeX's memory you used:
 21186 strings out of 481199
 394814 string characters out of 2903688
 678568 words of memory out of 3000000
 36307 multiletter control sequences out of 15000+200000
 572295 words of font info for 123 fonts, out of 3000000 for 9000
 1141 hyphenation exceptions out of 8191
 59i,7n,75p,915b,618s stack positions out of 5000i,500n,10000p,200000b,50000s
 <C:\Users\jared\AppData\Local\MiKTeX\2.9\fonts/pk/ljfour/jknappen/ec/dpi600\
ecit1095.pk> <C:\Users\jared\AppData\Local\MiKTeX\2.9\fonts/pk/ljfour/jknappen/
ec/dpi600\tctt1095.pk>{C:/Users/jared/AppData/Local/Programs/MiKTeX 2.9/fonts/e
nc/dvips/base/8r.enc} <C:\Users\jared\AppData\Local\MiKTeX\2.9\fonts/pk/ljfour/
jknappen/ec/dpi600\ectt1095.pk><C:/Users/jared/AppData/Local/Programs/MiKTeX 2.
9/fonts/type1/public/amsfonts/cm/cmmi10.pfb><C:/Users/jared/AppData/Local/Progr
ams/MiKTeX 2.9/fonts/type1/public/amsfonts/cm/cmr10.pfb><C:/Users/jared/AppData
/Local/Programs/MiKTeX 2.9/fonts/type1/public/amsfonts/cm/cmsy10.pfb><C:/Users/
jared/AppData/Local/Programs/MiKTeX 2.9/fonts/type1/public/mathpazo/fplmri.pfb>
<C:/Users/jared/AppData/Local/Programs/MiKTeX 2.9/fonts/type1/urw/palatino/uplb
8a.pfb><C:/Users/jared/AppData/Local/Programs/MiKTeX 2.9/fonts/type1/urw/palati
no/uplr8a.pfb><C:/Users/jared/AppData/Local/Programs/MiKTeX 2.9/fonts/type1/urw
/palatino/uplri8a.pfb>
Output written on "Scalar LinearSDE Model Reduction.pdf" (8 pages, 206188 bytes
).
PDF statistics:
 226 PDF objects out of 1000 (max. 8388607)
 17 named destinations out of 1000 (max. 500000)
 33 words of extra memory for PDF output out of 10000 (max. 10000000)

