This is pdfTeX, Version 3.14159265-2.6-1.40.21 (MiKTeX 20.6.29) (preloaded format=pdflatex 2020.7.14)  18 SEP 2020 11:22
entering extended mode
**./DDMR_BB_Fall2020.tex
(DDMR_BB_Fall2020.tex
LaTeX2e <2020-02-02> patch level 5
L3 programming layer <2020-06-18>
(C:\Users\JaredMcBride\AppData\Roaming\MiKTeX\2.9\tex/latex/beamer\beamer.cls
Document Class: beamer 2020/05/06 v3.58 A class for typesetting presentations

(C:\Users\JaredMcBride\AppData\Roaming\MiKTeX\2.9\tex/latex/beamer\beamerbasemo
des.sty
(C:\Users\JaredMcBride\AppData\Roaming\MiKTeX\2.9\tex/latex/etoolbox\etoolbox.s
ty
Package: etoolbox 2019/09/21 v2.5h e-TeX tools for LaTeX (JAW)
\etb@tempcnta=\count167
)
\beamer@tempbox=\box45
\beamer@tempcount=\count168
\c@beamerpauses=\count169

(C:\Users\JaredMcBride\AppData\Roaming\MiKTeX\2.9\tex/latex/beamer\beamerbasede
code.sty
\beamer@slideinframe=\count170
\beamer@minimum=\count171
\beamer@decode@box=\box46
)
\beamer@commentbox=\box47
\beamer@modecount=\count172
)
(C:\Users\JaredMcBride\AppData\Roaming\MiKTeX\2.9\tex/generic/iftex\ifpdf.sty
Package: ifpdf 2019/10/25 v3.4 ifpdf legacy package. Use iftex instead.

(C:\Users\JaredMcBride\AppData\Roaming\MiKTeX\2.9\tex/generic/iftex\iftex.sty
Package: iftex 2020/03/06 v1.0d TeX engine tests
))
\headdp=\dimen134
\footheight=\dimen135
\sidebarheight=\dimen136
\beamer@tempdim=\dimen137
\beamer@finalheight=\dimen138
\beamer@animht=\dimen139
\beamer@animdp=\dimen140
\beamer@animwd=\dimen141
\beamer@leftmargin=\dimen142
\beamer@rightmargin=\dimen143
\beamer@leftsidebar=\dimen144
\beamer@rightsidebar=\dimen145
\beamer@boxsize=\dimen146
\beamer@vboxoffset=\dimen147
\beamer@descdefault=\dimen148
\beamer@descriptionwidth=\dimen149
\beamer@lastskip=\skip47
\beamer@areabox=\box48
\beamer@animcurrent=\box49
\beamer@animshowbox=\box50
\beamer@sectionbox=\box51
\beamer@logobox=\box52
\beamer@linebox=\box53
\beamer@sectioncount=\count173
\beamer@subsubsectionmax=\count174
\beamer@subsectionmax=\count175
\beamer@sectionmax=\count176
\beamer@totalheads=\count177
\beamer@headcounter=\count178
\beamer@partstartpage=\count179
\beamer@sectionstartpage=\count180
\beamer@subsectionstartpage=\count181
\beamer@animationtempa=\count182
\beamer@animationtempb=\count183
\beamer@xpos=\count184
\beamer@ypos=\count185
\beamer@ypos@offset=\count186
\beamer@showpartnumber=\count187
\beamer@currentsubsection=\count188
\beamer@coveringdepth=\count189
\beamer@sectionadjust=\count190
\beamer@tocsectionnumber=\count191

(C:\Users\JaredMcBride\AppData\Roaming\MiKTeX\2.9\tex/latex/beamer\beamerbaseop
tions.sty ("C:\Program Files\MiKTeX 2.9\tex/latex/graphics\keyval.sty"
Package: keyval 2014/10/28 v1.15 key=value parser (DPC)
\KV@toks@=\toks15
))
\beamer@paperwidth=\skip48
\beamer@paperheight=\skip49

("C:\Program Files\MiKTeX 2.9\tex/latex/geometry\geometry.sty"
Package: geometry 2020/01/02 v5.9 Page Geometry

(C:\Users\JaredMcBride\AppData\Roaming\MiKTeX\2.9\tex/generic/iftex\ifvtex.sty
Package: ifvtex 2019/10/25 v1.7 ifvtex legacy package. Use iftex instead.
)
\Gm@cnth=\count192
\Gm@cntv=\count193
\c@Gm@tempcnt=\count194
\Gm@bindingoffset=\dimen150
\Gm@wd@mp=\dimen151
\Gm@odd@mp=\dimen152
\Gm@even@mp=\dimen153
\Gm@layoutwidth=\dimen154
\Gm@layoutheight=\dimen155
\Gm@layouthoffset=\dimen156
\Gm@layoutvoffset=\dimen157
\Gm@dimlist=\toks16
("C:\Program Files\MiKTeX 2.9\tex/latex/geometry\geometry.cfg"))
("C:\Program Files\MiKTeX 2.9\tex/latex/base\size11.clo"
File: size11.clo 2019/12/20 v1.4l Standard LaTeX file (size option)
)
(C:\Users\JaredMcBride\AppData\Roaming\MiKTeX\2.9\tex/latex/pgf/basiclayer\pgfc
ore.sty ("C:\Program Files\MiKTeX 2.9\tex/latex/graphics\graphicx.sty"
Package: graphicx 2019/11/30 v1.2a Enhanced LaTeX Graphics (DPC,SPQR)

("C:\Program Files\MiKTeX 2.9\tex/latex/graphics\graphics.sty"
Package: graphics 2019/11/30 v1.4a Standard LaTeX Graphics (DPC,SPQR)

("C:\Program Files\MiKTeX 2.9\tex/latex/graphics\trig.sty"
Package: trig 2016/01/03 v1.10 sin cos tan (DPC)
)
("C:\Program Files\MiKTeX 2.9\tex/latex/graphics-cfg\graphics.cfg"
File: graphics.cfg 2016/06/04 v1.11 sample graphics configuration
)
Package graphics Info: Driver file: pdftex.def on input line 105.

("C:\Program Files\MiKTeX 2.9\tex/latex/graphics-def\pdftex.def"
File: pdftex.def 2018/01/08 v1.0l Graphics/color driver for pdftex
))
\Gin@req@height=\dimen158
\Gin@req@width=\dimen159
)
(C:\Users\JaredMcBride\AppData\Roaming\MiKTeX\2.9\tex/latex/pgf/systemlayer\pgf
sys.sty
(C:\Users\JaredMcBride\AppData\Roaming\MiKTeX\2.9\tex/latex/pgf/utilities\pgfrc
s.sty
(C:\Users\JaredMcBride\AppData\Roaming\MiKTeX\2.9\tex/generic/pgf/utilities\pgf
util-common.tex
\pgfutil@everybye=\toks17
\pgfutil@tempdima=\dimen160
\pgfutil@tempdimb=\dimen161

(C:\Users\JaredMcBride\AppData\Roaming\MiKTeX\2.9\tex/generic/pgf/utilities\pgf
util-common-lists.tex))
(C:\Users\JaredMcBride\AppData\Roaming\MiKTeX\2.9\tex/generic/pgf/utilities\pgf
util-latex.def
\pgfutil@abb=\box54

(C:\Users\JaredMcBride\AppData\Roaming\MiKTeX\2.9\tex/latex/ms\everyshi.sty
Package: everyshi 2001/05/15 v3.00 EveryShipout Package (MS)
))
(C:\Users\JaredMcBride\AppData\Roaming\MiKTeX\2.9\tex/generic/pgf/utilities\pgf
rcs.code.tex
(C:\Users\JaredMcBride\AppData\Roaming\MiKTeX\2.9\tex/generic/pgf\pgf.revision.
tex)
Package: pgfrcs 2020/01/08 v3.1.5b (3.1.5b)
))
(C:\Users\JaredMcBride\AppData\Roaming\MiKTeX\2.9\tex/generic/pgf/systemlayer\p
gfsys.code.tex
Package: pgfsys 2020/01/08 v3.1.5b (3.1.5b)

(C:\Users\JaredMcBride\AppData\Roaming\MiKTeX\2.9\tex/generic/pgf/utilities\pgf
keys.code.tex
\pgfkeys@pathtoks=\toks18
\pgfkeys@temptoks=\toks19

(C:\Users\JaredMcBride\AppData\Roaming\MiKTeX\2.9\tex/generic/pgf/utilities\pgf
keysfiltered.code.tex
\pgfkeys@tmptoks=\toks20
))
\pgf@x=\dimen162
\pgf@y=\dimen163
\pgf@xa=\dimen164
\pgf@ya=\dimen165
\pgf@xb=\dimen166
\pgf@yb=\dimen167
\pgf@xc=\dimen168
\pgf@yc=\dimen169
\pgf@xd=\dimen170
\pgf@yd=\dimen171
\w@pgf@writea=\write3
\r@pgf@reada=\read2
\c@pgf@counta=\count195
\c@pgf@countb=\count196
\c@pgf@countc=\count197
\c@pgf@countd=\count198
\t@pgf@toka=\toks21
\t@pgf@tokb=\toks22
\t@pgf@tokc=\toks23
\pgf@sys@id@count=\count199

(C:\Users\JaredMcBride\AppData\Roaming\MiKTeX\2.9\tex/generic/pgf/systemlayer\p
gf.cfg
File: pgf.cfg 2020/01/08 v3.1.5b (3.1.5b)
)
Driver file for pgf: pgfsys-pdftex.def

(C:\Users\JaredMcBride\AppData\Roaming\MiKTeX\2.9\tex/generic/pgf/systemlayer\p
gfsys-pdftex.def
File: pgfsys-pdftex.def 2020/01/08 v3.1.5b (3.1.5b)

(C:\Users\JaredMcBride\AppData\Roaming\MiKTeX\2.9\tex/generic/pgf/systemlayer\p
gfsys-common-pdf.def
File: pgfsys-common-pdf.def 2020/01/08 v3.1.5b (3.1.5b)
)))
(C:\Users\JaredMcBride\AppData\Roaming\MiKTeX\2.9\tex/generic/pgf/systemlayer\p
gfsyssoftpath.code.tex
File: pgfsyssoftpath.code.tex 2020/01/08 v3.1.5b (3.1.5b)
\pgfsyssoftpath@smallbuffer@items=\count266
\pgfsyssoftpath@bigbuffer@items=\count267
)
(C:\Users\JaredMcBride\AppData\Roaming\MiKTeX\2.9\tex/generic/pgf/systemlayer\p
gfsysprotocol.code.tex
File: pgfsysprotocol.code.tex 2020/01/08 v3.1.5b (3.1.5b)
))
(C:\Users\JaredMcBride\AppData\Roaming\MiKTeX\2.9\tex/latex/xcolor\xcolor.sty
Package: xcolor 2016/05/11 v2.12 LaTeX color extensions (UK)

("C:\Program Files\MiKTeX 2.9\tex/latex/graphics-cfg\color.cfg"
File: color.cfg 2016/01/02 v1.6 sample color configuration
)
Package xcolor Info: Driver file: pdftex.def on input line 225.
Package xcolor Info: Model `cmy' substituted by `cmy0' on input line 1348.
Package xcolor Info: Model `hsb' substituted by `rgb' on input line 1352.
Package xcolor Info: Model `RGB' extended on input line 1364.
Package xcolor Info: Model `HTML' substituted by `rgb' on input line 1366.
Package xcolor Info: Model `Hsb' substituted by `hsb' on input line 1367.
Package xcolor Info: Model `tHsb' substituted by `hsb' on input line 1368.
Package xcolor Info: Model `HSB' substituted by `hsb' on input line 1369.
Package xcolor Info: Model `Gray' substituted by `gray' on input line 1370.
Package xcolor Info: Model `wave' substituted by `hsb' on input line 1371.
)
(C:\Users\JaredMcBride\AppData\Roaming\MiKTeX\2.9\tex/generic/pgf/basiclayer\pg
fcore.code.tex
Package: pgfcore 2020/01/08 v3.1.5b (3.1.5b)

(C:\Users\JaredMcBride\AppData\Roaming\MiKTeX\2.9\tex/generic/pgf/math\pgfmath.
code.tex
(C:\Users\JaredMcBride\AppData\Roaming\MiKTeX\2.9\tex/generic/pgf/math\pgfmathc
alc.code.tex
(C:\Users\JaredMcBride\AppData\Roaming\MiKTeX\2.9\tex/generic/pgf/math\pgfmathu
til.code.tex)
(C:\Users\JaredMcBride\AppData\Roaming\MiKTeX\2.9\tex/generic/pgf/math\pgfmathp
arser.code.tex
\pgfmath@dimen=\dimen172
\pgfmath@count=\count268
\pgfmath@box=\box55
\pgfmath@toks=\toks24
\pgfmath@stack@operand=\toks25
\pgfmath@stack@operation=\toks26
)
(C:\Users\JaredMcBride\AppData\Roaming\MiKTeX\2.9\tex/generic/pgf/math\pgfmathf
unctions.code.tex
(C:\Users\JaredMcBride\AppData\Roaming\MiKTeX\2.9\tex/generic/pgf/math\pgfmathf
unctions.basic.code.tex)
(C:\Users\JaredMcBride\AppData\Roaming\MiKTeX\2.9\tex/generic/pgf/math\pgfmathf
unctions.trigonometric.code.tex)
(C:\Users\JaredMcBride\AppData\Roaming\MiKTeX\2.9\tex/generic/pgf/math\pgfmathf
unctions.random.code.tex)
(C:\Users\JaredMcBride\AppData\Roaming\MiKTeX\2.9\tex/generic/pgf/math\pgfmathf
unctions.comparison.code.tex)
(C:\Users\JaredMcBride\AppData\Roaming\MiKTeX\2.9\tex/generic/pgf/math\pgfmathf
unctions.base.code.tex)
(C:\Users\JaredMcBride\AppData\Roaming\MiKTeX\2.9\tex/generic/pgf/math\pgfmathf
unctions.round.code.tex)
(C:\Users\JaredMcBride\AppData\Roaming\MiKTeX\2.9\tex/generic/pgf/math\pgfmathf
unctions.misc.code.tex)
(C:\Users\JaredMcBride\AppData\Roaming\MiKTeX\2.9\tex/generic/pgf/math\pgfmathf
unctions.integerarithmetics.code.tex)))
(C:\Users\JaredMcBride\AppData\Roaming\MiKTeX\2.9\tex/generic/pgf/math\pgfmathf
loat.code.tex
\c@pgfmathroundto@lastzeros=\count269
))
(C:\Users\JaredMcBride\AppData\Roaming\MiKTeX\2.9\tex/generic/pgf/math\pgfint.c
ode.tex)
(C:\Users\JaredMcBride\AppData\Roaming\MiKTeX\2.9\tex/generic/pgf/basiclayer\pg
fcorepoints.code.tex
File: pgfcorepoints.code.tex 2020/01/08 v3.1.5b (3.1.5b)
\pgf@picminx=\dimen173
\pgf@picmaxx=\dimen174
\pgf@picminy=\dimen175
\pgf@picmaxy=\dimen176
\pgf@pathminx=\dimen177
\pgf@pathmaxx=\dimen178
\pgf@pathminy=\dimen179
\pgf@pathmaxy=\dimen180
\pgf@xx=\dimen181
\pgf@xy=\dimen182
\pgf@yx=\dimen183
\pgf@yy=\dimen184
\pgf@zx=\dimen185
\pgf@zy=\dimen186
)
(C:\Users\JaredMcBride\AppData\Roaming\MiKTeX\2.9\tex/generic/pgf/basiclayer\pg
fcorepathconstruct.code.tex
File: pgfcorepathconstruct.code.tex 2020/01/08 v3.1.5b (3.1.5b)
\pgf@path@lastx=\dimen187
\pgf@path@lasty=\dimen188
)
(C:\Users\JaredMcBride\AppData\Roaming\MiKTeX\2.9\tex/generic/pgf/basiclayer\pg
fcorepathusage.code.tex
File: pgfcorepathusage.code.tex 2020/01/08 v3.1.5b (3.1.5b)
\pgf@shorten@end@additional=\dimen189
\pgf@shorten@start@additional=\dimen190
)
(C:\Users\JaredMcBride\AppData\Roaming\MiKTeX\2.9\tex/generic/pgf/basiclayer\pg
fcorescopes.code.tex
File: pgfcorescopes.code.tex 2020/01/08 v3.1.5b (3.1.5b)
\pgfpic=\box56
\pgf@hbox=\box57
\pgf@layerbox@main=\box58
\pgf@picture@serial@count=\count270
)
(C:\Users\JaredMcBride\AppData\Roaming\MiKTeX\2.9\tex/generic/pgf/basiclayer\pg
fcoregraphicstate.code.tex
File: pgfcoregraphicstate.code.tex 2020/01/08 v3.1.5b (3.1.5b)
\pgflinewidth=\dimen191
)
(C:\Users\JaredMcBride\AppData\Roaming\MiKTeX\2.9\tex/generic/pgf/basiclayer\pg
fcoretransformations.code.tex
File: pgfcoretransformations.code.tex 2020/01/08 v3.1.5b (3.1.5b)
\pgf@pt@x=\dimen192
\pgf@pt@y=\dimen193
\pgf@pt@temp=\dimen194
)
(C:\Users\JaredMcBride\AppData\Roaming\MiKTeX\2.9\tex/generic/pgf/basiclayer\pg
fcorequick.code.tex
File: pgfcorequick.code.tex 2020/01/08 v3.1.5b (3.1.5b)
)
(C:\Users\JaredMcBride\AppData\Roaming\MiKTeX\2.9\tex/generic/pgf/basiclayer\pg
fcoreobjects.code.tex
File: pgfcoreobjects.code.tex 2020/01/08 v3.1.5b (3.1.5b)
)
(C:\Users\JaredMcBride\AppData\Roaming\MiKTeX\2.9\tex/generic/pgf/basiclayer\pg
fcorepathprocessing.code.tex
File: pgfcorepathprocessing.code.tex 2020/01/08 v3.1.5b (3.1.5b)
)
(C:\Users\JaredMcBride\AppData\Roaming\MiKTeX\2.9\tex/generic/pgf/basiclayer\pg
fcorearrows.code.tex
File: pgfcorearrows.code.tex 2020/01/08 v3.1.5b (3.1.5b)
\pgfarrowsep=\dimen195
)
(C:\Users\JaredMcBride\AppData\Roaming\MiKTeX\2.9\tex/generic/pgf/basiclayer\pg
fcoreshade.code.tex
File: pgfcoreshade.code.tex 2020/01/08 v3.1.5b (3.1.5b)
\pgf@max=\dimen196
\pgf@sys@shading@range@num=\count271
\pgf@shadingcount=\count272
)
(C:\Users\JaredMcBride\AppData\Roaming\MiKTeX\2.9\tex/generic/pgf/basiclayer\pg
fcoreimage.code.tex
File: pgfcoreimage.code.tex 2020/01/08 v3.1.5b (3.1.5b)

(C:\Users\JaredMcBride\AppData\Roaming\MiKTeX\2.9\tex/generic/pgf/basiclayer\pg
fcoreexternal.code.tex
File: pgfcoreexternal.code.tex 2020/01/08 v3.1.5b (3.1.5b)
\pgfexternal@startupbox=\box59
))
(C:\Users\JaredMcBride\AppData\Roaming\MiKTeX\2.9\tex/generic/pgf/basiclayer\pg
fcorelayers.code.tex
File: pgfcorelayers.code.tex 2020/01/08 v3.1.5b (3.1.5b)
)
(C:\Users\JaredMcBride\AppData\Roaming\MiKTeX\2.9\tex/generic/pgf/basiclayer\pg
fcoretransparency.code.tex
File: pgfcoretransparency.code.tex 2020/01/08 v3.1.5b (3.1.5b)
)
(C:\Users\JaredMcBride\AppData\Roaming\MiKTeX\2.9\tex/generic/pgf/basiclayer\pg
fcorepatterns.code.tex
File: pgfcorepatterns.code.tex 2020/01/08 v3.1.5b (3.1.5b)
)
(C:\Users\JaredMcBride\AppData\Roaming\MiKTeX\2.9\tex/generic/pgf/basiclayer\pg
fcorerdf.code.tex
File: pgfcorerdf.code.tex 2020/01/08 v3.1.5b (3.1.5b)
)))
(C:\Users\JaredMcBride\AppData\Roaming\MiKTeX\2.9\tex/latex/pgf/utilities\xxcol
or.sty
Package: xxcolor 2003/10/24 ver 0.1
\XC@nummixins=\count273
\XC@countmixins=\count274
)
(C:\Users\JaredMcBride\AppData\Roaming\MiKTeX\2.9\tex/generic/atbegshi\atbegshi
.sty
Package: atbegshi 2019/12/05 v1.19 At begin shipout hook (HO)

(C:\Users\JaredMcBride\AppData\Roaming\MiKTeX\2.9\tex/generic/infwarerr\infware
rr.sty
Package: infwarerr 2019/12/03 v1.5 Providing info/warning/error messages (HO)
)
(C:\Users\JaredMcBride\AppData\Roaming\MiKTeX\2.9\tex/generic/ltxcmds\ltxcmds.s
ty
Package: ltxcmds 2019/12/15 v1.24 LaTeX kernel commands for general use (HO)
)) ("C:\Program Files\MiKTeX 2.9\tex/latex/hyperref\hyperref.sty"
Package: hyperref 2020-05-15 v7.00e Hypertext links for LaTeX

(C:\Users\JaredMcBride\AppData\Roaming\MiKTeX\2.9\tex/generic/pdftexcmds\pdftex
cmds.sty
Package: pdftexcmds 2020-06-27 v0.33 Utility functions of pdfTeX for LuaTeX (HO
)
Package pdftexcmds Info: \pdf@primitive is available.
Package pdftexcmds Info: \pdf@ifprimitive is available.
Package pdftexcmds Info: \pdfdraftmode found.
)
(C:\Users\JaredMcBride\AppData\Roaming\MiKTeX\2.9\tex/generic/kvsetkeys\kvsetke
ys.sty
Package: kvsetkeys 2019/12/15 v1.18 Key value parser (HO)
)
(C:\Users\JaredMcBride\AppData\Roaming\MiKTeX\2.9\tex/generic/kvdefinekeys\kvde
finekeys.sty
Package: kvdefinekeys 2019-12-19 v1.6 Define keys (HO)
)
(C:\Users\JaredMcBride\AppData\Roaming\MiKTeX\2.9\tex/generic/pdfescape\pdfesca
pe.sty
Package: pdfescape 2019/12/09 v1.15 Implements pdfTeX's escape features (HO)
)
(C:\Users\JaredMcBride\AppData\Roaming\MiKTeX\2.9\tex/latex/hycolor\hycolor.sty
Package: hycolor 2020-01-27 v1.10 Color options for hyperref/bookmark (HO)
)
(C:\Users\JaredMcBride\AppData\Roaming\MiKTeX\2.9\tex/latex/letltxmacro\letltxm
acro.sty
Package: letltxmacro 2019/12/03 v1.6 Let assignment for LaTeX macros (HO)
)
(C:\Users\JaredMcBride\AppData\Roaming\MiKTeX\2.9\tex/latex/auxhook\auxhook.sty
Package: auxhook 2019-12-17 v1.6 Hooks for auxiliary files (HO)
)
(C:\Users\JaredMcBride\AppData\Roaming\MiKTeX\2.9\tex/latex/kvoptions\kvoptions
.sty
Package: kvoptions 2019/11/29 v3.13 Key value format for package options (HO)
)
\@linkdim=\dimen197
\Hy@linkcounter=\count275
\Hy@pagecounter=\count276
 ("C:\Program Files\MiKTeX 2.9\tex/latex/hyperref\pd1enc.def"
File: pd1enc.def 2020-05-15 v7.00e Hyperref: PDFDocEncoding definition (HO)
Now handling font encoding PD1 ...
... no UTF-8 mapping file for font encoding PD1
)
(C:\Users\JaredMcBride\AppData\Roaming\MiKTeX\2.9\tex/generic/intcalc\intcalc.s
ty
Package: intcalc 2019/12/15 v1.3 Expandable calculations with integers (HO)
)
(C:\Users\JaredMcBride\AppData\Roaming\MiKTeX\2.9\tex/generic/etexcmds\etexcmds
.sty
Package: etexcmds 2019/12/15 v1.7 Avoid name clashes with e-TeX commands (HO)
)
\Hy@SavedSpaceFactor=\count277
Package hyperref Info: Option `bookmarks' set `true' on input line 4338.
Package hyperref Info: Option `bookmarksopen' set `true' on input line 4338.
Package hyperref Info: Option `implicit' set `false' on input line 4338.
Package hyperref Info: Hyper figures OFF on input line 4464.
Package hyperref Info: Link nesting OFF on input line 4469.
Package hyperref Info: Hyper index ON on input line 4472.
Package hyperref Info: Plain pages OFF on input line 4479.
Package hyperref Info: Backreferencing OFF on input line 4484.
Package hyperref Info: Implicit mode OFF; no redefinition of LaTeX internals.
Package hyperref Info: Bookmarks ON on input line 4717.
\c@Hy@tempcnt=\count278
 (C:\Users\JaredMcBride\AppData\Roaming\MiKTeX\2.9\tex/latex/url\url.sty
\Urlmuskip=\muskip16
Package: url 2013/09/16  ver 3.4  Verb mode for urls, etc.
)
LaTeX Info: Redefining \url on input line 5076.
\XeTeXLinkMargin=\dimen198

(C:\Users\JaredMcBride\AppData\Roaming\MiKTeX\2.9\tex/generic/bitset\bitset.sty
Package: bitset 2019/12/09 v1.3 Handle bit-vector datatype (HO)

(C:\Users\JaredMcBride\AppData\Roaming\MiKTeX\2.9\tex/generic/bigintcalc\bigint
calc.sty
Package: bigintcalc 2019/12/15 v1.5 Expandable calculations on big integers (HO
)
))
\Fld@menulength=\count279
\Field@Width=\dimen199
\Fld@charsize=\dimen256
Package hyperref Info: Hyper figures OFF on input line 6347.
Package hyperref Info: Link nesting OFF on input line 6352.
Package hyperref Info: Hyper index ON on input line 6355.
Package hyperref Info: backreferencing OFF on input line 6362.
Package hyperref Info: Link coloring OFF on input line 6367.
Package hyperref Info: Link coloring with OCG OFF on input line 6372.
Package hyperref Info: PDF/A mode OFF on input line 6377.
LaTeX Info: Redefining \ref on input line 6417.
LaTeX Info: Redefining \pageref on input line 6421.
\Hy@abspage=\count280


Package hyperref Message: Stopped early.

)
Package hyperref Info: Driver (autodetected): hpdftex.
 ("C:\Program Files\MiKTeX 2.9\tex/latex/hyperref\hpdftex.def"
File: hpdftex.def 2020-05-15 v7.00e Hyperref driver for pdfTeX

(C:\Users\JaredMcBride\AppData\Roaming\MiKTeX\2.9\tex/latex/atveryend\atveryend
.sty
Package: atveryend 2019-12-11 v1.11 Hooks at the very end of document (HO)
)
\Fld@listcount=\count281
\c@bookmark@seq@number=\count282

(C:\Users\JaredMcBride\AppData\Roaming\MiKTeX\2.9\tex/latex/rerunfilecheck\reru
nfilecheck.sty
Package: rerunfilecheck 2019/12/05 v1.9 Rerun checks for auxiliary files (HO)

(C:\Users\JaredMcBride\AppData\Roaming\MiKTeX\2.9\tex/generic/uniquecounter\uni
quecounter.sty
Package: uniquecounter 2019/12/15 v1.4 Provide unlimited unique counter (HO)
)
Package uniquecounter Info: New unique counter `rerunfilecheck' on input line 2
86.
))
(C:\Users\JaredMcBride\AppData\Roaming\MiKTeX\2.9\tex/latex/beamer\beamerbasere
quires.sty
(C:\Users\JaredMcBride\AppData\Roaming\MiKTeX\2.9\tex/latex/beamer\beamerbaseco
mpatibility.sty)
(C:\Users\JaredMcBride\AppData\Roaming\MiKTeX\2.9\tex/latex/beamer\beamerbasefo
nt.sty ("C:\Program Files\MiKTeX 2.9\tex/latex/amsfonts\amssymb.sty"
Package: amssymb 2013/01/14 v3.01 AMS font symbols

("C:\Program Files\MiKTeX 2.9\tex/latex/amsfonts\amsfonts.sty"
Package: amsfonts 2013/01/14 v3.01 Basic AMSFonts support
\@emptytoks=\toks27
\symAMSa=\mathgroup4
\symAMSb=\mathgroup5
LaTeX Font Info:    Redeclaring math symbol \hbar on input line 98.
LaTeX Font Info:    Overwriting math alphabet `\mathfrak' in version `bold'
(Font)                  U/euf/m/n --> U/euf/b/n on input line 106.
))
(C:\Users\JaredMcBride\AppData\Roaming\MiKTeX\2.9\tex/latex/sansmathaccent\sans
mathaccent.sty
Package: sansmathaccent 2020/01/31

(C:\Users\JaredMcBride\AppData\Roaming\MiKTeX\2.9\tex/latex/koma-script\scrlfil
e.sty
Package: scrlfile 2020/04/19 v3.30 KOMA-Script package (loading files)
)))
(C:\Users\JaredMcBride\AppData\Roaming\MiKTeX\2.9\tex/latex/beamer\beamerbasetr
anslator.sty
(C:\Users\JaredMcBride\AppData\Roaming\MiKTeX\2.9\tex/latex/translator\translat
or.sty
Package: translator 2019-05-31 v1.12a Easy translation of strings in LaTeX
))
(C:\Users\JaredMcBride\AppData\Roaming\MiKTeX\2.9\tex/latex/beamer\beamerbasemi
sc.sty)
(C:\Users\JaredMcBride\AppData\Roaming\MiKTeX\2.9\tex/latex/beamer\beamerbasetw
oscreens.sty)
(C:\Users\JaredMcBride\AppData\Roaming\MiKTeX\2.9\tex/latex/beamer\beamerbaseov
erlay.sty
\beamer@argscount=\count283
\beamer@lastskipcover=\skip50
\beamer@trivlistdepth=\count284
)
(C:\Users\JaredMcBride\AppData\Roaming\MiKTeX\2.9\tex/latex/beamer\beamerbaseti
tle.sty)
(C:\Users\JaredMcBride\AppData\Roaming\MiKTeX\2.9\tex/latex/beamer\beamerbasese
ction.sty
\c@lecture=\count285
\c@part=\count286
\c@section=\count287
\c@subsection=\count288
\c@subsubsection=\count289
)
(C:\Users\JaredMcBride\AppData\Roaming\MiKTeX\2.9\tex/latex/beamer\beamerbasefr
ame.sty
\beamer@framebox=\box60
\beamer@frametitlebox=\box61
\beamer@zoombox=\box62
\beamer@zoomcount=\count290
\beamer@zoomframecount=\count291
\beamer@frametextheight=\dimen257
\c@subsectionslide=\count292
\beamer@frametopskip=\skip51
\beamer@framebottomskip=\skip52
\beamer@frametopskipautobreak=\skip53
\beamer@framebottomskipautobreak=\skip54
\beamer@envbody=\toks28
\framewidth=\dimen258
\c@framenumber=\count293
)
(C:\Users\JaredMcBride\AppData\Roaming\MiKTeX\2.9\tex/latex/beamer\beamerbaseve
rbatim.sty
\beamer@verbatimfileout=\write4
)
(C:\Users\JaredMcBride\AppData\Roaming\MiKTeX\2.9\tex/latex/beamer\beamerbasefr
amesize.sty
\beamer@splitbox=\box63
\beamer@autobreakcount=\count294
\beamer@autobreaklastheight=\dimen259
\beamer@frametitletoks=\toks29
\beamer@framesubtitletoks=\toks30
)
(C:\Users\JaredMcBride\AppData\Roaming\MiKTeX\2.9\tex/latex/beamer\beamerbasefr
amecomponents.sty
\beamer@footins=\box64
)
(C:\Users\JaredMcBride\AppData\Roaming\MiKTeX\2.9\tex/latex/beamer\beamerbaseco
lor.sty)
(C:\Users\JaredMcBride\AppData\Roaming\MiKTeX\2.9\tex/latex/beamer\beamerbaseno
tes.sty
\beamer@frameboxcopy=\box65
)
(C:\Users\JaredMcBride\AppData\Roaming\MiKTeX\2.9\tex/latex/beamer\beamerbaseto
c.sty)
(C:\Users\JaredMcBride\AppData\Roaming\MiKTeX\2.9\tex/latex/beamer\beamerbasete
mplates.sty
\beamer@sbttoks=\toks31

(C:\Users\JaredMcBride\AppData\Roaming\MiKTeX\2.9\tex/latex/beamer\beamerbaseau
xtemplates.sty
(C:\Users\JaredMcBride\AppData\Roaming\MiKTeX\2.9\tex/latex/beamer\beamerbasebo
xes.sty
\bmb@box=\box66
\bmb@colorbox=\box67
\bmb@boxshadow=\box68
\bmb@boxshadowball=\box69
\bmb@boxshadowballlarge=\box70
\bmb@temp=\dimen260
\bmb@dima=\dimen261
\bmb@dimb=\dimen262
\bmb@prevheight=\dimen263
)
\beamer@blockheadheight=\dimen264
))
(C:\Users\JaredMcBride\AppData\Roaming\MiKTeX\2.9\tex/latex/beamer\beamerbaselo
calstructure.sty ("C:\Program Files\MiKTeX 2.9\tex/latex/tools\enumerate.sty"
Package: enumerate 2015/07/23 v3.00 enumerate extensions (DPC)
\@enLab=\toks32
)
\c@figure=\count295
\c@table=\count296
\abovecaptionskip=\skip55
\belowcaptionskip=\skip56
)
(C:\Users\JaredMcBride\AppData\Roaming\MiKTeX\2.9\tex/latex/beamer\beamerbasena
vigation.sty
\beamer@section@min@dim=\dimen265
)
(C:\Users\JaredMcBride\AppData\Roaming\MiKTeX\2.9\tex/latex/beamer\beamerbaseth
eorems.sty ("C:\Program Files\MiKTeX 2.9\tex/latex/amsmath\amsmath.sty"
Package: amsmath 2020/01/20 v2.17e AMS math features
\@mathmargin=\skip57

For additional information on amsmath, use the `?' option.
("C:\Program Files\MiKTeX 2.9\tex/latex/amsmath\amstext.sty"
Package: amstext 2000/06/29 v2.01 AMS text

("C:\Program Files\MiKTeX 2.9\tex/latex/amsmath\amsgen.sty"
File: amsgen.sty 1999/11/30 v2.0 generic functions
\@emptytoks=\toks33
\ex@=\dimen266
))
("C:\Program Files\MiKTeX 2.9\tex/latex/amsmath\amsbsy.sty"
Package: amsbsy 1999/11/29 v1.2d Bold Symbols
\pmbraise@=\dimen267
)
("C:\Program Files\MiKTeX 2.9\tex/latex/amsmath\amsopn.sty"
Package: amsopn 2016/03/08 v2.02 operator names
)
\inf@bad=\count297
LaTeX Info: Redefining \frac on input line 227.
\uproot@=\count298
\leftroot@=\count299
LaTeX Info: Redefining \overline on input line 389.
\classnum@=\count300
\DOTSCASE@=\count301
LaTeX Info: Redefining \ldots on input line 486.
LaTeX Info: Redefining \dots on input line 489.
LaTeX Info: Redefining \cdots on input line 610.
\Mathstrutbox@=\box71
\strutbox@=\box72
\big@size=\dimen268
LaTeX Font Info:    Redeclaring font encoding OML on input line 733.
LaTeX Font Info:    Redeclaring font encoding OMS on input line 734.
\macc@depth=\count302
\c@MaxMatrixCols=\count303
\dotsspace@=\muskip17
\c@parentequation=\count304
\dspbrk@lvl=\count305
\tag@help=\toks34
\row@=\count306
\column@=\count307
\maxfields@=\count308
\andhelp@=\toks35
\eqnshift@=\dimen269
\alignsep@=\dimen270
\tagshift@=\dimen271
\tagwidth@=\dimen272
\totwidth@=\dimen273
\lineht@=\dimen274
\@envbody=\toks36
\multlinegap=\skip58
\multlinetaggap=\skip59
\mathdisplay@stack=\toks37
LaTeX Info: Redefining \[ on input line 2859.
LaTeX Info: Redefining \] on input line 2860.
)
("C:\Program Files\MiKTeX 2.9\tex/latex/amscls\amsthm.sty"
Package: amsthm 2020/05/29 v2.20.6
\thm@style=\toks38
\thm@bodyfont=\toks39
\thm@headfont=\toks40
\thm@notefont=\toks41
\thm@headpunct=\toks42
\thm@preskip=\skip60
\thm@postskip=\skip61
\thm@headsep=\skip62
\dth@everypar=\toks43
)
\c@theorem=\count309
)
(C:\Users\JaredMcBride\AppData\Roaming\MiKTeX\2.9\tex/latex/beamer\beamerbaseth
emes.sty))
(C:\Users\JaredMcBride\AppData\Roaming\MiKTeX\2.9\tex/latex/beamer\beamerthemed
efault.sty
(C:\Users\JaredMcBride\AppData\Roaming\MiKTeX\2.9\tex/latex/beamer\beamerfontth
emedefault.sty)
(C:\Users\JaredMcBride\AppData\Roaming\MiKTeX\2.9\tex/latex/beamer\beamercolort
hemedefault.sty)
(C:\Users\JaredMcBride\AppData\Roaming\MiKTeX\2.9\tex/latex/beamer\beamerinnert
hemedefault.sty
\beamer@dima=\dimen275
\beamer@dimb=\dimen276
)
(C:\Users\JaredMcBride\AppData\Roaming\MiKTeX\2.9\tex/latex/beamer\beameroutert
hemedefault.sty)))
(C:\Users\JaredMcBride\AppData\Roaming\MiKTeX\2.9\tex/latex/beamer\beamerthemeB
oadilla.sty
(C:\Users\JaredMcBride\AppData\Roaming\MiKTeX\2.9\tex/latex/beamer\beamercolort
hemerose.sty)
(C:\Users\JaredMcBride\AppData\Roaming\MiKTeX\2.9\tex/latex/beamer\beamerinnert
hemerounded.sty)
(C:\Users\JaredMcBride\AppData\Roaming\MiKTeX\2.9\tex/latex/beamer\beamercolort
hemedolphin.sty)
(C:\Users\JaredMcBride\AppData\Roaming\MiKTeX\2.9\tex/latex/beamer\beameroutert
hemeinfolines.sty))
(C:\Users\JaredMcBride\AppData\Roaming\MiKTeX\2.9\tex/latex/beamer\beamercolort
hemebeaver.sty) ("C:\Program Files\MiKTeX 2.9\tex/latex/psnfss\times.sty"
Package: times 2020/03/25 PSNFSS-v9.3 (SPQR) 
)
("C:\Program Files\MiKTeX 2.9\tex/generic/babel\babel.sty"
Package: babel 2020/07/07 3.46 The Babel package

("C:\Program Files\MiKTeX 2.9\tex/generic/babel\babel.def"
File: babel.def 2020/07/07 3.46 Babel common definitions
\babel@savecnt=\count310
\U@D=\dimen277
\l@babelnohyphens=\language83

("C:\Program Files\MiKTeX 2.9\tex/generic/babel\txtbabel.def")
\bbl@readstream=\read3
)
LaTeX Info: Redefining \textlatin on input line 674.
\bbl@dirlevel=\count311

*************************************
* Local config file bblopts.cfg used
*
(C:\Users\JaredMcBride\AppData\Roaming\MiKTeX\2.9\tex/latex/arabi\bblopts.cfg
File: bblopts.cfg 2005/09/08 v0.1 add Arabic and Farsi to "declared" options of
 babel
)
("C:\Program Files\MiKTeX 2.9\tex/latex/babel-english\english.ldf"
Language: english 2017/06/06 v3.3r English support from the babel system
Package babel Info: \l@canadian = using hyphenrules for english
(babel)             (\language0) on input line 102.
Package babel Info: \l@australian = using hyphenrules for ukenglish
(babel)             (\language77) on input line 105.
Package babel Info: \l@newzealand = using hyphenrules for ukenglish
(babel)             (\language77) on input line 108.
))
(C:\Users\JaredMcBride\AppData\Roaming\MiKTeX\2.9\tex/latex/pgf/basiclayer\pgf.
sty
Package: pgf 2020/01/08 v3.1.5b (3.1.5b)

(C:\Users\JaredMcBride\AppData\Roaming\MiKTeX\2.9\tex/generic/pgf/modules\pgfmo
duleshapes.code.tex
File: pgfmoduleshapes.code.tex 2020/01/08 v3.1.5b (3.1.5b)
\pgfnodeparttextbox=\box73
)
(C:\Users\JaredMcBride\AppData\Roaming\MiKTeX\2.9\tex/generic/pgf/modules\pgfmo
duleplot.code.tex
File: pgfmoduleplot.code.tex 2020/01/08 v3.1.5b (3.1.5b)
)
(C:\Users\JaredMcBride\AppData\Roaming\MiKTeX\2.9\tex/latex/pgf/compatibility\p
gfcomp-version-0-65.sty
Package: pgfcomp-version-0-65 2020/01/08 v3.1.5b (3.1.5b)
\pgf@nodesepstart=\dimen278
\pgf@nodesepend=\dimen279
)
(C:\Users\JaredMcBride\AppData\Roaming\MiKTeX\2.9\tex/latex/pgf/compatibility\p
gfcomp-version-1-18.sty
Package: pgfcomp-version-1-18 2020/01/08 v3.1.5b (3.1.5b)
))
(C:\Users\JaredMcBride\AppData\Roaming\MiKTeX\2.9\tex/latex/pgf/compatibility\p
gfarrows.sty
Package: pgfarrows 2020/01/08 v3.1.5b (3.1.5b)


Package pgfarrows Warning: This package is obsolete. pgf.sty will load arrow ma
nagement automatically on input line 17.

)
(C:\Users\JaredMcBride\AppData\Roaming\MiKTeX\2.9\tex/latex/pgf/compatibility\p
gfnodes.sty
Package: pgfnodes 2020/01/08 v3.1.5b (3.1.5b)


Package pgfnodes Warning: This package is obsolete. pgf.sty will load node mana
gement automatically on input line 17.

)
(C:\Users\JaredMcBride\AppData\Roaming\MiKTeX\2.9\tex/latex/pgf/compatibility\p
gfautomata.sty
Package: pgfautomata 2020/01/08 v3.1.5b (3.1.5b)


Package pgfautomata Warning: This package is obsolete. on input line 17.

\pgf@stateradius=\dimen280
\pgf@mooreradius=\dimen281
\pgf@doublethickness=\dimen282
\pgf@statebackoff=\dimen283
)
(C:\Users\JaredMcBride\AppData\Roaming\MiKTeX\2.9\tex/latex/pgf/compatibility\p
gfheaps.sty
Package: pgfheaps 2020/01/08 v3.1.5b (3.1.5b)


Package pgfheaps Warning: This package is obsolete. on input line 16.

\pgf@heapx=\dimen284
\pgf@heapy=\dimen285
) ("C:\Program Files\MiKTeX 2.9\tex/latex/base\inputenc.sty"
Package: inputenc 2018/08/11 v1.3c Input encoding file
\inpenc@prehook=\toks44
\inpenc@posthook=\toks45

("C:\Program Files\MiKTeX 2.9\tex/latex/base\latin1.def"
File: latin1.def 2018/08/11 v1.3c Input encoding file
))
(C:\Users\JaredMcBride\AppData\Roaming\MiKTeX\2.9\tex/latex/algorithms\algorith
m.sty
Package: algorithm 2009/08/24 v0.1 Document Style `algorithm' - floating enviro
nment
 ("C:\Program Files\MiKTeX 2.9\tex/latex/float\float.sty"
Package: float 2001/11/08 v1.3d Float enhancements (AL)
\c@float@type=\count312
\float@exts=\toks46
\float@box=\box74
\@float@everytoks=\toks47
\@floatcapt=\box75
)
("C:\Program Files\MiKTeX 2.9\tex/latex/base\ifthen.sty"
Package: ifthen 2014/09/29 v1.1c Standard LaTeX ifthen package (DPC)
)
\@float@every@algorithm=\toks48
\c@algorithm=\count313
)
(C:\Users\JaredMcBride\AppData\Roaming\MiKTeX\2.9\tex/latex/algorithmicx\algori
thmicx.sty
Package: algorithmicx 2005/04/27 v1.2 Algorithmicx

Document Style algorithmicx 1.2 - a greatly improved `algorithmic' style
\c@ALG@line=\count314
\c@ALG@rem=\count315
\c@ALG@nested=\count316
\ALG@tlm=\skip63
\ALG@thistlm=\skip64
\c@ALG@Lnr=\count317
\c@ALG@blocknr=\count318
\c@ALG@storecount=\count319
\c@ALG@tmpcounter=\count320
\ALG@tmplength=\skip65
) ("C:\Program Files\MiKTeX 2.9\tex/latex/tools\multicol.sty"
Package: multicol 2019/12/09 v1.8y multicolumn formatting (FMi)
\c@tracingmulticols=\count321
\mult@box=\box76
\multicol@leftmargin=\dimen286
\c@unbalance=\count322
\c@collectmore=\count323
\doublecol@number=\count324
\multicoltolerance=\count325
\multicolpretolerance=\count326
\full@width=\dimen287
\page@free=\dimen288
\premulticols=\dimen289
\postmulticols=\dimen290
\multicolsep=\skip66
\multicolbaselineskip=\skip67
\partial@page=\box77
\last@line=\box78
\maxbalancingoverflow=\dimen291
\mult@rightbox=\box79
\mult@grightbox=\box80
\mult@gfirstbox=\box81
\mult@firstbox=\box82
\@tempa=\box83
\@tempa=\box84
\@tempa=\box85
\@tempa=\box86
\@tempa=\box87
\@tempa=\box88
\@tempa=\box89
\@tempa=\box90
\@tempa=\box91
\@tempa=\box92
\@tempa=\box93
\@tempa=\box94
\@tempa=\box95
\@tempa=\box96
\@tempa=\box97
\@tempa=\box98
\@tempa=\box99
\@tempa=\box100
\@tempa=\box101
\@tempa=\box102
\@tempa=\box103
\@tempa=\box104
\@tempa=\box105
\@tempa=\box106
\@tempa=\box107
\@tempa=\box108
\@tempa=\box109
\@tempa=\box110
\@tempa=\box111
\@tempa=\box112
\@tempa=\box113
\@tempa=\box114
\@tempa=\box115
\@tempa=\box116
\@tempa=\box117
\@tempa=\box118
\@tempa=\box119
\c@minrows=\count327
\c@columnbadness=\count328
\c@finalcolumnbadness=\count329
\last@try=\dimen292
\multicolovershoot=\dimen293
\multicolundershoot=\dimen294
\mult@nat@firstbox=\box120
\colbreak@box=\box121
\mc@col@check@num=\count330
)
("C:\Program Files\MiKTeX 2.9\tex/latex/base\makeidx.sty"
Package: makeidx 2014/09/29 v1.0m Standard LaTeX package
)
(C:\Users\JaredMcBride\AppData\Roaming\MiKTeX\2.9\tex/latex/newtx\newtxtext.sty
Package: newtxtext 2020/03/02 v1.625

`newtxtext' v1.625, 2020/03/02 Text macros taking advantage of TeX-Gyre Termes 
fonts (msharpe)
(C:\Users\JaredMcBride\AppData\Roaming\MiKTeX\2.9\tex/latex/fontaxes\fontaxes.s
ty
Package: fontaxes 2014/03/23 v1.0d Font selection axes
LaTeX Info: Redefining \upshape on input line 29.
LaTeX Info: Redefining \itshape on input line 31.
LaTeX Info: Redefining \slshape on input line 33.
LaTeX Info: Redefining \swshape on input line 35.
LaTeX Info: Redefining \scshape on input line 37.
LaTeX Info: Redefining \sscshape on input line 39.
LaTeX Info: Redefining \ulcshape on input line 41.
LaTeX Info: Redefining \textsw on input line 47.
LaTeX Info: Redefining \textssc on input line 48.
LaTeX Info: Redefining \textulc on input line 49.
)
\ntx@fs=\dimen295
 ("C:\Program Files\MiKTeX 2.9\tex/latex/xkeyval\xkeyval.sty"
Package: xkeyval 2014/12/03 v2.7a package option processing (HA)

("C:\Program Files\MiKTeX 2.9\tex/generic/xkeyval\xkeyval.tex"
("C:\Program Files\MiKTeX 2.9\tex/generic/xkeyval\xkvutils.tex"
\XKV@toks=\toks49
\XKV@tempa@toks=\toks50
)
\XKV@depth=\count331
File: xkeyval.tex 2014/12/03 v2.7a key=value parser (HA)
))
("C:\Program Files\MiKTeX 2.9\tex/latex/base\fontenc.sty"
Package: fontenc 2020/02/11 v2.0o Standard LaTeX package
LaTeX Font Info:    Trying to load font information for T1+ntxtlf on input line
 112.

(C:\Users\JaredMcBride\AppData\Roaming\MiKTeX\2.9\tex/latex/newtx\t1ntxtlf.fd
File: t1ntxtlf.fd 2015/01/17 v1.0 font definition file for T1/ntx/tlf
)
LaTeX Font Info:    Font shape `T1/ntxtlf/m/n' will be
(Font)              scaled to size 10.95pt on input line 112.
) ("C:\Program Files\MiKTeX 2.9\tex/latex/base\textcomp.sty"
Package: textcomp 2020/02/02 v2.0n Standard LaTeX package
LaTeX Font Info:    Changing ? sub-encoding to TS1/0 on input line 75.
)
\ntxt@cntz=\count332
LaTeX Font Info:    Redeclaring math symbol \mathsterling on input line 263.
)
(C:\Users\JaredMcBride\AppData\Roaming\MiKTeX\2.9\tex/latex/newtx\newtxmath.sty
Package: newtxmath 2020/05/02 v1.626

`newtxmath' v1.626, 2020/05/02 Math macros based originally on txfonts (msharpe
)
(C:\Users\JaredMcBride\AppData\Roaming\MiKTeX\2.9\tex/generic/iftex\ifxetex.sty
Package: ifxetex 2019/10/25 v0.7 ifxetex legacy package. Use iftex instead.
)
(C:\Users\JaredMcBride\AppData\Roaming\MiKTeX\2.9\tex/generic/iftex\ifluatex.st
y
Package: ifluatex 2019/10/25 v1.5 ifluatex legacy package. Use iftex instead.
) ("C:\Program Files\MiKTeX 2.9\tex/latex/oberdiek\centernot.sty"
Package: centernot 2016/05/16 v1.4 Centers the not symbol horizontally (HO)
)
\tx@cntz=\count333

(C:\Users\JaredMcBride\AppData\Roaming\MiKTeX\2.9\tex/generic/binhex\binhex.tex
)
\tx@Isdigit=\count334
\tx@IsAlNum=\count335
\tx@tA=\toks51
\tx@tB=\toks52
\tx@su=\read4
LaTeX Font Info:    Redeclaring symbol font `operators' on input line 320.
LaTeX Font Info:    Overwriting symbol font `operators' in version `normal'
(Font)                  OT1/cmr/m/n --> OT1/ntxtlf/m/n on input line 320.
LaTeX Font Info:    Overwriting symbol font `operators' in version `bold'
(Font)                  OT1/cmr/bx/n --> OT1/ntxtlf/m/n on input line 320.
LaTeX Font Info:    Overwriting symbol font `operators' in version `bold'
(Font)                  OT1/ntxtlf/m/n --> OT1/ntxtlf/b/n on input line 321.
LaTeX Font Info:    Redeclaring math alphabet \mathsf on input line 329.
LaTeX Font Info:    Overwriting math alphabet `\mathsf' in version `normal'
(Font)                  OT1/cmss/m/n --> T1/qhv/m/n on input line 329.
LaTeX Font Info:    Overwriting math alphabet `\mathsf' in version `bold'
(Font)                  OT1/cmss/bx/n --> T1/qhv/m/n on input line 329.
LaTeX Font Info:    Redeclaring math alphabet \mathit on input line 330.
LaTeX Font Info:    Overwriting math alphabet `\mathit' in version `normal'
(Font)                  OT1/cmr/m/it --> OT1/ntxtlf/m/it on input line 330.
LaTeX Font Info:    Overwriting math alphabet `\mathit' in version `bold'
(Font)                  OT1/cmr/bx/it --> OT1/ntxtlf/m/it on input line 330.
LaTeX Font Info:    Redeclaring math alphabet \mathtt on input line 331.
LaTeX Font Info:    Overwriting math alphabet `\mathtt' in version `normal'
(Font)                  OT1/cmtt/m/n --> T1/ntxtt/m/n on input line 331.
LaTeX Font Info:    Overwriting math alphabet `\mathtt' in version `bold'
(Font)                  OT1/cmtt/m/n --> T1/ntxtt/m/n on input line 331.
LaTeX Font Info:    Redeclaring math alphabet \mathbf on input line 333.
LaTeX Font Info:    Overwriting math alphabet `\mathbf' in version `normal'
(Font)                  OT1/cmr/bx/n --> OT1/ntxtlf/b/n on input line 333.
LaTeX Font Info:    Overwriting math alphabet `\mathbf' in version `bold'
(Font)                  OT1/cmr/bx/n --> OT1/ntxtlf/b/n on input line 333.
LaTeX Font Info:    Overwriting math alphabet `\mathit' in version `bold'
(Font)                  OT1/ntxtlf/m/it --> OT1/ntxtlf/b/it on input line 334.
LaTeX Font Info:    Overwriting math alphabet `\mathsf' in version `bold'
(Font)                  T1/qhv/m/n --> T1/qhv/b/n on input line 335.
LaTeX Font Info:    Overwriting math alphabet `\mathtt' in version `bold'
(Font)                  T1/ntxtt/m/n --> T1/ntxtt/b/n on input line 336.
LaTeX Font Info:    Redeclaring symbol font `letters' on input line 425.
LaTeX Font Info:    Overwriting symbol font `letters' in version `normal'
(Font)                  OML/cmm/m/it --> OML/ntxmi/m/it on input line 425.
LaTeX Font Info:    Overwriting symbol font `letters' in version `bold'
(Font)                  OML/cmm/b/it --> OML/ntxmi/m/it on input line 425.
LaTeX Font Info:    Overwriting symbol font `letters' in version `bold'
(Font)                  OML/ntxmi/m/it --> OML/ntxmi/b/it on input line 426.
\symlettersA=\mathgroup6
LaTeX Font Info:    Overwriting symbol font `lettersA' in version `bold'
(Font)                  U/ntxmia/m/it --> U/ntxmia/b/it on input line 479.
LaTeX Font Info:    Redeclaring math alphabet \mathfrak on input line 481.
Now handling font encoding LMS ...
... no UTF-8 mapping file for font encoding LMS
LaTeX Font Info:    Redeclaring symbol font `symbols' on input line 500.
LaTeX Font Info:    Encoding `OMS' has changed to `LMS' for symbol font
(Font)              `symbols' in the math version `normal' on input line 500.
LaTeX Font Info:    Overwriting symbol font `symbols' in version `normal'
(Font)                  OMS/cmsy/m/n --> LMS/ntxsy/m/n on input line 500.
LaTeX Font Info:    Encoding `OMS' has changed to `LMS' for symbol font
(Font)              `symbols' in the math version `bold' on input line 500.
LaTeX Font Info:    Overwriting symbol font `symbols' in version `bold'
(Font)                  OMS/cmsy/b/n --> LMS/ntxsy/m/n on input line 500.
LaTeX Font Info:    Overwriting symbol font `symbols' in version `bold'
(Font)                  LMS/ntxsy/m/n --> LMS/ntxsy/b/n on input line 501.
\symAMSm=\mathgroup7
LaTeX Font Info:    Overwriting symbol font `AMSm' in version `bold'
(Font)                  U/ntxsym/m/n --> U/ntxsym/b/n on input line 524.
\symsymbolsC=\mathgroup8
LaTeX Font Info:    Overwriting symbol font `symbolsC' in version `bold'
(Font)                  U/ntxsyc/m/n --> U/ntxsyc/b/n on input line 545.
Now handling font encoding LMX ...
... no UTF-8 mapping file for font encoding LMX
LaTeX Font Info:    Redeclaring symbol font `largesymbols' on input line 558.
LaTeX Font Info:    Encoding `OMX' has changed to `LMX' for symbol font
(Font)              `largesymbols' in the math version `normal' on input line 5
58.
LaTeX Font Info:    Overwriting symbol font `largesymbols' in version `normal'
(Font)                  OMX/cmex/m/n --> LMX/ntxexx/m/n on input line 558.
LaTeX Font Info:    Encoding `OMX' has changed to `LMX' for symbol font
(Font)              `largesymbols' in the math version `bold' on input line 558
.
LaTeX Font Info:    Overwriting symbol font `largesymbols' in version `bold'
(Font)                  OMX/cmex/m/n --> LMX/ntxexx/m/n on input line 558.
LaTeX Font Info:    Overwriting symbol font `largesymbols' in version `bold'
(Font)                  LMX/ntxexx/m/n --> LMX/ntxexx/b/n on input line 559.
\symlargesymbolsTXA=\mathgroup9
LaTeX Font Info:    Overwriting symbol font `largesymbolsTXA' in version `bold'

(Font)                  U/ntxexa/m/n --> U/ntxexa/b/n on input line 573.
\tx@sbptoks=\toks53
LaTeX Font Info:    Redeclaring math delimiter \lfloor on input line 795.
LaTeX Font Info:    Redeclaring math delimiter \rfloor on input line 796.
LaTeX Font Info:    Redeclaring math delimiter \lceil on input line 797.
LaTeX Font Info:    Redeclaring math delimiter \rceil on input line 798.
LaTeX Font Info:    Redeclaring math delimiter \lbrace on input line 799.
LaTeX Font Info:    Redeclaring math delimiter \rbrace on input line 800.
LaTeX Font Info:    Redeclaring math delimiter \langle on input line 801.
LaTeX Font Info:    Redeclaring math delimiter \rangle on input line 803.
LaTeX Font Info:    Redeclaring math delimiter \arrowvert on input line 807.
LaTeX Font Info:    Redeclaring math delimiter \vert on input line 808.
LaTeX Font Info:    Redeclaring math accent \dot on input line 879.
LaTeX Font Info:    Redeclaring math accent \ddot on input line 880.
LaTeX Font Info:    Redeclaring math accent \vec on input line 1943.
\ntx@numstart=\count336
\ntx@UCstart=\count337
\ntx@lcstart=\count338
\ntx@tmpc=\count339
\ntx@imath=\count340
\ntx@jmath=\count341
LaTeX Info: Redefining \Bbbk on input line 2452.
LaTeX Info: Redefining \not on input line 2601.
LaTeX Info: Redefining \textsquare on input line 2631.
LaTeX Info: Redefining \openbox on input line 2633.
) ("C:\Program Files\MiKTeX 2.9\tex/latex/base\latexsym.sty"
Package: latexsym 1998/08/17 v2.2e Standard LaTeX package (lasy symbols)
\symlasy=\mathgroup10
LaTeX Font Info:    Overwriting symbol font `lasy' in version `bold'
(Font)                  U/lasy/m/n --> U/lasy/b/n on input line 52.
)
("C:\Program Files\MiKTeX 2.9\tex/latex/graphics\epsfig.sty"
Package: epsfig 2017/06/25 v1.7b (e)psfig emulation (SPQR)
\epsfxsize=\dimen296
\epsfysize=\dimen297
)
(C:\Users\JaredMcBride\AppData\Roaming\MiKTeX\2.9\tex/latex/ulem\ulem.sty
\UL@box=\box122
\UL@hyphenbox=\box123
\UL@skip=\skip68
\UL@hook=\toks54
\UL@height=\dimen298
\UL@pe=\count342
\UL@pixel=\dimen299
\ULC@box=\box124
Package: ulem 2019/11/18
\ULdepth=\dimen300
)
(C:\Users\JaredMcBride\AppData\Roaming\MiKTeX\2.9\tex/latex/textpos\textpos.sty
Package: textpos 2019/04/15 v1.9.1
Package: textpos 2019/04/15 1.9.1, absolute positioning of text on the page
\TP@textbox=\box125
\TPHorizModule=\dimen301
\TPVertModule=\dimen302
\TP@margin=\dimen303
\TP@absmargin=\dimen304
Grid set 16 x 16 = 22.7622pt x 17.07166pt
\TPboxrulesize=\dimen305
\TP@tbargs=\toks55
\TP@prevdepth=\dimen306
)
(C:\Users\JaredMcBride\AppData\Roaming\MiKTeX\2.9\tex/latex/l3backend\l3backend
-pdfmode.def
File: l3backend-pdfmode.def 2020-06-29 L3 backend support: PDF mode
\l__kernel_color_stack_int=\count343
\l__pdf_internal_box=\box126
) (DDMR_BB_Fall2020.aux)
\openout1 = `DDMR_BB_Fall2020.aux'.

LaTeX Font Info:    Checking defaults for OML/ntxmi/m/it on input line 74.
LaTeX Font Info:    Trying to load font information for OML+ntxmi on input line
 74.

(C:\Users\JaredMcBride\AppData\Roaming\MiKTeX\2.9\tex/latex/newtx\omlntxmi.fd
File: omlntxmi.fd 2015/08/25 Fontinst v1.933 font definitions for OML/ntxmi.
)
LaTeX Font Info:    ... okay on input line 74.
LaTeX Font Info:    Checking defaults for OMS/cmsy/m/n on input line 74.
LaTeX Font Info:    ... okay on input line 74.
LaTeX Font Info:    Checking defaults for OT1/cmr/m/n on input line 74.
LaTeX Font Info:    ... okay on input line 74.
LaTeX Font Info:    Checking defaults for T1/cmr/m/n on input line 74.
LaTeX Font Info:    ... okay on input line 74.
LaTeX Font Info:    Checking defaults for TS1/cmr/m/n on input line 74.
LaTeX Font Info:    ... okay on input line 74.
LaTeX Font Info:    Checking defaults for OMX/cmex/m/n on input line 74.
LaTeX Font Info:    ... okay on input line 74.
LaTeX Font Info:    Checking defaults for U/ntxexa/m/n on input line 74.
LaTeX Font Info:    Trying to load font information for U+ntxexa on input line 
74.

(C:\Users\JaredMcBride\AppData\Roaming\MiKTeX\2.9\tex/latex/newtx\untxexa.fd
File: untxexa.fd 2012/04/16 Fontinst v1.933 font definitions for U/ntxexa.
)
LaTeX Font Info:    ... okay on input line 74.
LaTeX Font Info:    Checking defaults for PD1/pdf/m/n on input line 74.
LaTeX Font Info:    ... okay on input line 74.
LaTeX Font Info:    Checking defaults for LMS/ntxsy/m/n on input line 74.
LaTeX Font Info:    Trying to load font information for LMS+ntxsy on input line
 74.

(C:\Users\JaredMcBride\AppData\Roaming\MiKTeX\2.9\tex/latex/newtx\lmsntxsy.fd
File: lmsntxsy.fd 2016/07/02 Fontinst v1.933 font definitions for LMS/ntxsy.
)
LaTeX Font Info:    ... okay on input line 74.
LaTeX Font Info:    Checking defaults for LMX/ntxexx/m/n on input line 74.
LaTeX Font Info:    Trying to load font information for LMX+ntxexx on input lin
e 74.

(C:\Users\JaredMcBride\AppData\Roaming\MiKTeX\2.9\tex/latex/newtx\lmxntxexx.fd
File: lmxntxexx.fd 2016/07/03 Fontinst v1.933 font definitions for LMX/ntxexx.
)
LaTeX Font Info:    ... okay on input line 74.
*geometry* driver: auto-detecting
*geometry* detected driver: pdftex
*geometry* verbose mode - [ preamble ] result:
* driver: pdftex
* paper: custom
* layout: <same size as paper>
* layoutoffset:(h,v)=(0.0pt,0.0pt)
* modes: includehead includefoot 
* h-part:(L,W,R)=(10.95003pt, 342.2953pt, 10.95003pt)
* v-part:(T,H,B)=(0.0pt, 273.14662pt, 0.0pt)
* \paperwidth=364.19536pt
* \paperheight=273.14662pt
* \textwidth=342.2953pt
* \textheight=244.6939pt
* \oddsidemargin=-61.31996pt
* \evensidemargin=-61.31996pt
* \topmargin=-72.26999pt
* \headheight=14.22636pt
* \headsep=0.0pt
* \topskip=11.0pt
* \footskip=14.22636pt
* \marginparwidth=4.0pt
* \marginparsep=10.0pt
* \columnsep=10.0pt
* \skip\footins=10.0pt plus 4.0pt minus 2.0pt
* \hoffset=0.0pt
* \voffset=0.0pt
* \mag=1000
* \@twocolumnfalse
* \@twosidefalse
* \@mparswitchfalse
* \@reversemarginfalse
* (1in=72.27pt=25.4mm, 1cm=28.453pt)


(C:\Users\JaredMcBride\AppData\Roaming\MiKTeX\2.9\tex/context/base/mkii\supp-pd
f.mkii
[Loading MPS to PDF converter (version 2006.09.02).]
\scratchcounter=\count344
\scratchdimen=\dimen307
\scratchbox=\box127
\nofMPsegments=\count345
\nofMParguments=\count346
\everyMPshowfont=\toks56
\MPscratchCnt=\count347
\MPscratchDim=\dimen308
\MPnumerator=\count348
\makeMPintoPDFobject=\count349
\everyMPtoPDFconversion=\toks57
)
(C:\Users\JaredMcBride\AppData\Roaming\MiKTeX\2.9\tex/latex/epstopdf-pkg\epstop
df-base.sty
Package: epstopdf-base 2020-01-24 v2.11 Base part for package epstopdf
Package epstopdf-base Info: Redefining graphics rule for `.eps' on input line 4
85.
) ABD: EveryShipout initializing macros
\AtBeginShipoutBox=\box128
Package hyperref Info: Link coloring OFF on input line 74.

("C:\Program Files\MiKTeX 2.9\tex/latex/hyperref\nameref.sty"
Package: nameref 2019/09/16 v2.46 Cross-referencing by name of section

(C:\Users\JaredMcBride\AppData\Roaming\MiKTeX\2.9\tex/latex/refcount\refcount.s
ty
Package: refcount 2019/12/15 v3.6 Data extraction from label references (HO)
)
(C:\Users\JaredMcBride\AppData\Roaming\MiKTeX\2.9\tex/generic/gettitlestring\ge
ttitlestring.sty
Package: gettitlestring 2019/12/15 v1.6 Cleanup title references (HO)
)
\c@section@level=\count350
)
LaTeX Info: Redefining \ref on input line 74.
LaTeX Info: Redefining \pageref on input line 74.
LaTeX Info: Redefining \nameref on input line 74.
 (DDMR_BB_Fall2020.out) (DDMR_BB_Fall2020.out)
\@outlinefile=\write5
\openout5 = `DDMR_BB_Fall2020.out'.

LaTeX Font Info:    Overwriting symbol font `operators' in version `normal'
(Font)                  OT1/ntxtlf/m/n --> OT1/cmss/m/n on input line 74.
LaTeX Font Info:    Overwriting symbol font `operators' in version `bold'
(Font)                  OT1/ntxtlf/b/n --> OT1/cmss/b/n on input line 74.
\symnumbers=\mathgroup11
\sympureletters=\mathgroup12
LaTeX Font Info:    Overwriting math alphabet `\mathrm' in version `normal'
(Font)                  OT1/cmss/m/n --> T1/ntxtlf/m/n on input line 74.
LaTeX Font Info:    Redeclaring math alphabet \mathbf on input line 74.
LaTeX Font Info:    Overwriting math alphabet `\mathbf' in version `normal'
(Font)                  OT1/ntxtlf/b/n --> T1/qhv/b/n on input line 74.
LaTeX Font Info:    Overwriting math alphabet `\mathbf' in version `bold'
(Font)                  OT1/ntxtlf/b/n --> T1/qhv/b/n on input line 74.
LaTeX Font Info:    Redeclaring math alphabet \mathsf on input line 74.
LaTeX Font Info:    Overwriting math alphabet `\mathsf' in version `normal'
(Font)                  T1/qhv/m/n --> T1/qhv/m/n on input line 74.
LaTeX Font Info:    Overwriting math alphabet `\mathsf' in version `bold'
(Font)                  T1/qhv/b/n --> T1/qhv/m/n on input line 74.
LaTeX Font Info:    Redeclaring math alphabet \mathit on input line 74.
LaTeX Font Info:    Overwriting math alphabet `\mathit' in version `normal'
(Font)                  OT1/ntxtlf/m/it --> T1/qhv/m/it on input line 74.
LaTeX Font Info:    Overwriting math alphabet `\mathit' in version `bold'
(Font)                  OT1/ntxtlf/b/it --> T1/qhv/m/it on input line 74.
LaTeX Font Info:    Redeclaring math alphabet \mathtt on input line 74.
LaTeX Font Info:    Overwriting math alphabet `\mathtt' in version `normal'
(Font)                  T1/ntxtt/m/n --> T1/ntxtt/m/n on input line 74.
LaTeX Font Info:    Overwriting math alphabet `\mathtt' in version `bold'
(Font)                  T1/ntxtt/b/n --> T1/ntxtt/m/n on input line 74.
LaTeX Font Info:    Overwriting symbol font `numbers' in version `bold'
(Font)                  T1/qhv/m/n --> T1/qhv/b/n on input line 74.
LaTeX Font Info:    Overwriting symbol font `pureletters' in version `bold'
(Font)                  T1/qhv/m/it --> T1/qhv/b/it on input line 74.
LaTeX Font Info:    Overwriting math alphabet `\mathrm' in version `bold'
(Font)                  OT1/cmss/b/n --> T1/ntxtlf/b/n on input line 74.
LaTeX Font Info:    Overwriting math alphabet `\mathbf' in version `bold'
(Font)                  T1/qhv/b/n --> T1/qhv/b/n on input line 74.
LaTeX Font Info:    Overwriting math alphabet `\mathsf' in version `bold'
(Font)                  T1/qhv/m/n --> T1/qhv/b/n on input line 74.
LaTeX Font Info:    Overwriting math alphabet `\mathit' in version `bold'
(Font)                  T1/qhv/m/it --> T1/qhv/b/it on input line 74.
LaTeX Font Info:    Overwriting math alphabet `\mathtt' in version `bold'
(Font)                  T1/ntxtt/m/n --> T1/ntxtt/b/n on input line 74.

(C:\Users\JaredMcBride\AppData\Roaming\MiKTeX\2.9\tex/latex/translator\translat
or-basic-dictionary-English.dict
Dictionary: translator-basic-dictionary, Language: English 
)
(C:\Users\JaredMcBride\AppData\Roaming\MiKTeX\2.9\tex/latex/translator\translat
or-bibliography-dictionary-English.dict
Dictionary: translator-bibliography-dictionary, Language: English 
)
(C:\Users\JaredMcBride\AppData\Roaming\MiKTeX\2.9\tex/latex/translator\translat
or-environment-dictionary-English.dict
Dictionary: translator-environment-dictionary, Language: English 
)
(C:\Users\JaredMcBride\AppData\Roaming\MiKTeX\2.9\tex/latex/translator\translat
or-months-dictionary-English.dict
Dictionary: translator-months-dictionary, Language: English 
)
(C:\Users\JaredMcBride\AppData\Roaming\MiKTeX\2.9\tex/latex/translator\translat
or-numbers-dictionary-English.dict
Dictionary: translator-numbers-dictionary, Language: English 
)
(C:\Users\JaredMcBride\AppData\Roaming\MiKTeX\2.9\tex/latex/translator\translat
or-theorem-dictionary-English.dict
Dictionary: translator-theorem-dictionary, Language: English 
)
\c@mv@tabular=\count351
\c@mv@boldtabular=\count352
 (DDMR_BB_Fall2020.nav)
LaTeX Font Info:    Font shape `T1/ntxtlf/m/n' will be
(Font)              scaled to size 6.0pt on input line 74.
LaTeX Font Info:    Font shape `T1/ntxtlf/m/n' will be
(Font)              scaled to size 14.4pt on input line 77.
LaTeX Font Info:    Font shape `T1/ntxtlf/m/n' will be
(Font)              scaled to size 8.0pt on input line 77.


LaTeX Font Warning: Font shape `OT1/cmss/m/n' in size <5.5> not available
(Font)              size <5> substituted on input line 77.

LaTeX Font Info:    Trying to load font information for U+msa on input line 77.

("C:\Program Files\MiKTeX 2.9\tex/latex/amsfonts\umsa.fd"
File: umsa.fd 2013/01/14 v3.01 AMS symbols A
)
LaTeX Font Info:    Trying to load font information for U+msb on input line 77.


("C:\Program Files\MiKTeX 2.9\tex/latex/amsfonts\umsb.fd"
File: umsb.fd 2013/01/14 v3.01 AMS symbols B
)
LaTeX Font Info:    Trying to load font information for U+ntxmia on input line 
77.

(C:\Users\JaredMcBride\AppData\Roaming\MiKTeX\2.9\tex/latex/newtx\untxmia.fd
File: untxmia.fd 2018/04/14 Fontinst v1.933 font definitions for U/ntxmia.
)
LaTeX Font Info:    Trying to load font information for U+ntxsym on input line 
77.

(C:\Users\JaredMcBride\AppData\Roaming\MiKTeX\2.9\tex/latex/newtx\untxsym.fd
File: untxsym.fd 2015/03/20 Fontinst v1.933 font definitions for U/ntxsym.
)
LaTeX Font Info:    Trying to load font information for U+ntxsyc on input line 
77.

(C:\Users\JaredMcBride\AppData\Roaming\MiKTeX\2.9\tex/latex/newtx\untxsyc.fd
File: untxsyc.fd 2012/04/12 Fontinst v1.933 font definitions for U/ntxsyc.
)
LaTeX Font Info:    Trying to load font information for U+lasy on input line 77
.

("C:\Program Files\MiKTeX 2.9\tex/latex/base\ulasy.fd"
File: ulasy.fd 1998/08/17 v2.2e LaTeX symbol font definitions
)

LaTeX Font Warning: Font shape `U/lasy/m/n' in size <5.5> not available
(Font)              size <5> substituted on input line 77.

LaTeX Font Info:    Trying to load font information for T1+qhv on input line 77
.
(C:\Users\JaredMcBride\AppData\Roaming\MiKTeX\2.9\tex/latex/tex-gyre\t1qhv.fd
File: t1qhv.fd 2009/09/25 v1.2 font definition file for T1/qhv
)
LaTeX Font Info:    Font shape `T1/qhv/m/n' will be
(Font)              scaled to size 7.19995pt on input line 77.
LaTeX Font Info:    Font shape `T1/qhv/m/n' will be
(Font)              scaled to size 5.57996pt on input line 77.
LaTeX Font Info:    Font shape `T1/qhv/m/n' will be
(Font)              scaled to size 4.94997pt on input line 77.
LaTeX Font Info:    Font shape `T1/qhv/m/it' will be
(Font)              scaled to size 7.19995pt on input line 77.
LaTeX Font Info:    Font shape `T1/qhv/m/it' will be
(Font)              scaled to size 5.57996pt on input line 77.
LaTeX Font Info:    Font shape `T1/qhv/m/it' will be
(Font)              scaled to size 4.94997pt on input line 77.
<fig/logo-cover-AM.png, id=51, 2258.4375pt x 1693.82813pt>
File: fig/logo-cover-AM.png Graphic file (type png)
<use fig/logo-cover-AM.png>
Package pdftex.def Info: fig/logo-cover-AM.png  used on input line 77.
(pdftex.def)             Requested size: 364.18318pt x 273.13739pt.
LaTeX Font Info:    Font shape `T1/ntxtlf/m/n' will be
(Font)              scaled to size 4.0pt on input line 77.

[1

{C:/Users/JaredMcBride/AppData/Local/MiKTeX/2.9/pdftex/config/pdftex.map} <./fi
g/logo-cover-AM.png>] (DDMR_BB_Fall2020.toc)
<fig/logo-AM.png, id=75, 714.41907pt x 112.16907pt>
File: fig/logo-AM.png Graphic file (type png)
<use fig/logo-AM.png>
Package pdftex.def Info: fig/logo-AM.png  used on input line 85.
(pdftex.def)             Requested size: 108.728pt x 17.07182pt.

Overfull \hbox (66.04887pt too wide) in paragraph at lines 85--85
[][]  
 []

<fig/logo-bottom.png, id=76, 722.7pt x 542.2742pt>
File: fig/logo-bottom.png Graphic file (type png)
<use fig/logo-bottom.png>
Package pdftex.def Info: fig/logo-bottom.png  used on input line 85.
(pdftex.def)             Requested size: 364.1942pt x 273.1554pt.
[2

 <./fig/logo-bottom.png> <./fig/logo-AM.png>]
LaTeX Font Info:    Font shape `T1/ntxtlf/m/n' will be
(Font)              scaled to size 10.0pt on input line 115.
LaTeX Font Info:    Font shape `T1/ntxtlf/m/it' will be
(Font)              scaled to size 10.0pt on input line 115.
File: fig/logo-AM.png Graphic file (type png)
<use fig/logo-AM.png>
Package pdftex.def Info: fig/logo-AM.png  used on input line 115.
(pdftex.def)             Requested size: 108.728pt x 17.07182pt.

Overfull \hbox (66.04887pt too wide) in paragraph at lines 115--115
[][]  
 []

File: fig/logo-bottom.png Graphic file (type png)
<use fig/logo-bottom.png>
Package pdftex.def Info: fig/logo-bottom.png  used on input line 115.
(pdftex.def)             Requested size: 364.1942pt x 273.1554pt.
[3

]
LaTeX Font Info:    Font shape `T1/ntxtlf/b/n' will be
(Font)              scaled to size 10.95pt on input line 143.
File: fig/logo-AM.png Graphic file (type png)
<use fig/logo-AM.png>
Package pdftex.def Info: fig/logo-AM.png  used on input line 143.
(pdftex.def)             Requested size: 108.728pt x 17.07182pt.

Overfull \hbox (66.04887pt too wide) in paragraph at lines 143--143
[][]  
 []

File: fig/logo-bottom.png Graphic file (type png)
<use fig/logo-bottom.png>
Package pdftex.def Info: fig/logo-bottom.png  used on input line 143.
(pdftex.def)             Requested size: 364.1942pt x 273.1554pt.
[4

]
LaTeX Font Info:    Font shape `T1/qhv/m/n' will be
(Font)              scaled to size 9.85492pt on input line 170.
LaTeX Font Info:    Font shape `T1/qhv/m/n' will be
(Font)              scaled to size 5.48996pt on input line 170.
LaTeX Font Info:    Font shape `T1/qhv/m/it' will be
(Font)              scaled to size 9.85492pt on input line 170.
LaTeX Font Info:    Font shape `T1/qhv/m/it' will be
(Font)              scaled to size 5.48996pt on input line 170.
LaTeX Font Info:    Font shape `T1/ntxtlf/m/n' will be
(Font)              scaled to size 6.1pt on input line 170.
File: fig/logo-AM.png Graphic file (type png)
<use fig/logo-AM.png>
Package pdftex.def Info: fig/logo-AM.png  used on input line 170.
(pdftex.def)             Requested size: 108.728pt x 17.07182pt.

Overfull \hbox (66.04887pt too wide) in paragraph at lines 170--170
[][]  
 []

File: fig/logo-bottom.png Graphic file (type png)
<use fig/logo-bottom.png>
Package pdftex.def Info: fig/logo-bottom.png  used on input line 170.
(pdftex.def)             Requested size: 364.1942pt x 273.1554pt.
[5

]
LaTeX Font Info:    Font shape `T1/qhv/b/n' will be
(Font)              scaled to size 9.85492pt on input line 180.
LaTeX Font Info:    Font shape `T1/qhv/b/n' will be
(Font)              scaled to size 7.19995pt on input line 180.
LaTeX Font Info:    Font shape `T1/qhv/b/n' will be
(Font)              scaled to size 5.48996pt on input line 180.
LaTeX Font Info:    Font shape `T1/ntxtlf/m/n' will be
(Font)              scaled to size 9.0pt on input line 180.
File: fig/logo-AM.png Graphic file (type png)
<use fig/logo-AM.png>
Package pdftex.def Info: fig/logo-AM.png  used on input line 180.
(pdftex.def)             Requested size: 108.728pt x 17.07182pt.

Overfull \hbox (66.04887pt too wide) in paragraph at lines 180--180
[][]  
 []

File: fig/logo-bottom.png Graphic file (type png)
<use fig/logo-bottom.png>
Package pdftex.def Info: fig/logo-bottom.png  used on input line 180.
(pdftex.def)             Requested size: 364.1942pt x 273.1554pt.
[6

]
LaTeX Font Info:    Font shape `T1/ntxtlf/m/n' will be
(Font)              scaled to size 12.0pt on input line 198.
File: fig/logo-AM.png Graphic file (type png)
<use fig/logo-AM.png>
Package pdftex.def Info: fig/logo-AM.png  used on input line 198.
(pdftex.def)             Requested size: 108.728pt x 17.07182pt.

Overfull \hbox (66.04887pt too wide) in paragraph at lines 198--198
[][]  
 []

File: fig/logo-bottom.png Graphic file (type png)
<use fig/logo-bottom.png>
Package pdftex.def Info: fig/logo-bottom.png  used on input line 198.
(pdftex.def)             Requested size: 364.1942pt x 273.1554pt.
[7

]
File: fig/logo-AM.png Graphic file (type png)
<use fig/logo-AM.png>
Package pdftex.def Info: fig/logo-AM.png  used on input line 207.
(pdftex.def)             Requested size: 108.728pt x 17.07182pt.

Overfull \hbox (66.04887pt too wide) in paragraph at lines 207--207
[][]  
 []

File: fig/logo-bottom.png Graphic file (type png)
<use fig/logo-bottom.png>
Package pdftex.def Info: fig/logo-bottom.png  used on input line 207.
(pdftex.def)             Requested size: 364.1942pt x 273.1554pt.
[8

]
File: fig/logo-AM.png Graphic file (type png)
<use fig/logo-AM.png>
Package pdftex.def Info: fig/logo-AM.png  used on input line 226.
(pdftex.def)             Requested size: 108.728pt x 17.07182pt.

Overfull \hbox (66.04887pt too wide) in paragraph at lines 226--226
[][]  
 []

File: fig/logo-bottom.png Graphic file (type png)
<use fig/logo-bottom.png>
Package pdftex.def Info: fig/logo-bottom.png  used on input line 226.
(pdftex.def)             Requested size: 364.1942pt x 273.1554pt.
[9

]
File: fig/logo-AM.png Graphic file (type png)
<use fig/logo-AM.png>
Package pdftex.def Info: fig/logo-AM.png  used on input line 250.
(pdftex.def)             Requested size: 108.728pt x 17.07182pt.

Overfull \hbox (66.04887pt too wide) in paragraph at lines 250--250
[][]  
 []

File: fig/logo-bottom.png Graphic file (type png)
<use fig/logo-bottom.png>
Package pdftex.def Info: fig/logo-bottom.png  used on input line 250.
(pdftex.def)             Requested size: 364.1942pt x 273.1554pt.
[10

]
File: fig/logo-AM.png Graphic file (type png)
<use fig/logo-AM.png>
Package pdftex.def Info: fig/logo-AM.png  used on input line 264.
(pdftex.def)             Requested size: 108.728pt x 17.07182pt.

Overfull \hbox (66.04887pt too wide) in paragraph at lines 264--264
[][]  
 []

File: fig/logo-bottom.png Graphic file (type png)
<use fig/logo-bottom.png>
Package pdftex.def Info: fig/logo-bottom.png  used on input line 264.
(pdftex.def)             Requested size: 364.1942pt x 273.1554pt.
[11

]
File: fig/logo-AM.png Graphic file (type png)
<use fig/logo-AM.png>
Package pdftex.def Info: fig/logo-AM.png  used on input line 282.
(pdftex.def)             Requested size: 108.728pt x 17.07182pt.

Overfull \hbox (66.04887pt too wide) in paragraph at lines 282--282
[][]  
 []

File: fig/logo-bottom.png Graphic file (type png)
<use fig/logo-bottom.png>
Package pdftex.def Info: fig/logo-bottom.png  used on input line 282.
(pdftex.def)             Requested size: 364.1942pt x 273.1554pt.
[12

]
File: fig/logo-AM.png Graphic file (type png)
<use fig/logo-AM.png>
Package pdftex.def Info: fig/logo-AM.png  used on input line 299.
(pdftex.def)             Requested size: 108.728pt x 17.07182pt.

Overfull \hbox (66.04887pt too wide) in paragraph at lines 299--299
[][]  
 []

File: fig/logo-bottom.png Graphic file (type png)
<use fig/logo-bottom.png>
Package pdftex.def Info: fig/logo-bottom.png  used on input line 299.
(pdftex.def)             Requested size: 364.1942pt x 273.1554pt.
[13

]
<fig/figAR2F_ts.png, id=168, 503.481pt x 334.24875pt>
File: fig/figAR2F_ts.png Graphic file (type png)
<use fig/figAR2F_ts.png>
Package pdftex.def Info: fig/figAR2F_ts.png  used on input line 309.
(pdftex.def)             Requested size: 166.14923pt x 110.30241pt.
<fig/figAR2F_cov.png, id=169, 505.28775pt x 337.26pt>
File: fig/figAR2F_cov.png Graphic file (type png)
<use fig/figAR2F_cov.png>
Package pdftex.def Info: fig/figAR2F_cov.png  used on input line 309.
(pdftex.def)             Requested size: 166.74547pt x 111.29614pt.
File: fig/logo-AM.png Graphic file (type png)
<use fig/logo-AM.png>
Package pdftex.def Info: fig/logo-AM.png  used on input line 309.
(pdftex.def)             Requested size: 108.728pt x 17.07182pt.

Overfull \hbox (66.04887pt too wide) in paragraph at lines 309--309
[][]  
 []

File: fig/logo-bottom.png Graphic file (type png)
<use fig/logo-bottom.png>
Package pdftex.def Info: fig/logo-bottom.png  used on input line 309.
(pdftex.def)             Requested size: 364.1942pt x 273.1554pt.
[14

 <./fig/figAR2F_ts.png> <./fig/figAR2F_cov.png>]
<fig/figAR2F_ts_new.png, id=178, 456.20438pt x 306.39468pt>
File: fig/figAR2F_ts_new.png Graphic file (type png)
<use fig/figAR2F_ts_new.png>
Package pdftex.def Info: fig/figAR2F_ts_new.png  used on input line 321.
(pdftex.def)             Requested size: 150.5479pt x 101.11055pt.
<fig/figAR2F_cov_new.png, id=179, 466.74374pt x 309.40594pt>
File: fig/figAR2F_cov_new.png Graphic file (type png)
<use fig/figAR2F_cov_new.png>
Package pdftex.def Info: fig/figAR2F_cov_new.png  used on input line 321.
(pdftex.def)             Requested size: 154.02591pt x 102.10426pt.
File: fig/logo-AM.png Graphic file (type png)
<use fig/logo-AM.png>
Package pdftex.def Info: fig/logo-AM.png  used on input line 321.
(pdftex.def)             Requested size: 108.728pt x 17.07182pt.

Overfull \hbox (66.04887pt too wide) in paragraph at lines 321--321
[][]  
 []

File: fig/logo-bottom.png Graphic file (type png)
<use fig/logo-bottom.png>
Package pdftex.def Info: fig/logo-bottom.png  used on input line 321.
(pdftex.def)             Requested size: 364.1942pt x 273.1554pt.
[15

 <./fig/figAR2F_ts_new.png> <./fig/figAR2F_cov_new.png>]
File: fig/logo-AM.png Graphic file (type png)
<use fig/logo-AM.png>
Package pdftex.def Info: fig/logo-AM.png  used on input line 334.
(pdftex.def)             Requested size: 108.728pt x 17.07182pt.

Overfull \hbox (66.04887pt too wide) in paragraph at lines 334--334
[][]  
 []

File: fig/logo-bottom.png Graphic file (type png)
<use fig/logo-bottom.png>
Package pdftex.def Info: fig/logo-bottom.png  used on input line 334.
(pdftex.def)             Requested size: 364.1942pt x 273.1554pt.
[16

]
<fig/RunNLL.png, id=194, 576.7146pt x 248.6088pt>
File: fig/RunNLL.png Graphic file (type png)
<use fig/RunNLL.png>
Package pdftex.def Info: fig/RunNLL.png  used on input line 345.
(pdftex.def)             Requested size: 346.03142pt x 149.16641pt.

Overfull \hbox (3.73611pt too wide) in paragraph at lines 345--345
[][]  
 []

File: fig/logo-AM.png Graphic file (type png)
<use fig/logo-AM.png>
Package pdftex.def Info: fig/logo-AM.png  used on input line 345.
(pdftex.def)             Requested size: 108.728pt x 17.07182pt.

Overfull \hbox (66.04887pt too wide) in paragraph at lines 345--345
[][]  
 []

File: fig/logo-bottom.png Graphic file (type png)
<use fig/logo-bottom.png>
Package pdftex.def Info: fig/logo-bottom.png  used on input line 345.
(pdftex.def)             Requested size: 364.1942pt x 273.1554pt.
[17

 <./fig/RunNLL.png>]
File: fig/logo-AM.png Graphic file (type png)
<use fig/logo-AM.png>
Package pdftex.def Info: fig/logo-AM.png  used on input line 353.
(pdftex.def)             Requested size: 108.728pt x 17.07182pt.

Overfull \hbox (66.04887pt too wide) in paragraph at lines 353--353
[][]  
 []

File: fig/logo-bottom.png Graphic file (type png)
<use fig/logo-bottom.png>
Package pdftex.def Info: fig/logo-bottom.png  used on input line 353.
(pdftex.def)             Requested size: 364.1942pt x 273.1554pt.
[18

]
File: fig/logo-bottom.png Graphic file (type png)
<use fig/logo-bottom.png>
Package pdftex.def Info: fig/logo-bottom.png  used on input line 365.
(pdftex.def)             Requested size: 364.1942pt x 273.1554pt.
 [19

]
\tf@nav=\write6
\openout6 = `DDMR_BB_Fall2020.nav'.

\tf@toc=\write7
\openout7 = `DDMR_BB_Fall2020.toc'.

\tf@snm=\write8
\openout8 = `DDMR_BB_Fall2020.snm'.

Package atveryend Info: Empty hook `BeforeClearDocument' on input line 368.
Package atveryend Info: Empty hook `AfterLastShipout' on input line 368.
 (DDMR_BB_Fall2020.aux)
Package atveryend Info: Executing hook `AtVeryEndDocument' on input line 368.
Package atveryend Info: Executing hook `AtEndAfterFileList' on input line 368.
Package rerunfilecheck Info: File `DDMR_BB_Fall2020.out' has not changed.
(rerunfilecheck)             Checksum: A960560A60C6CAD1DE460B7734ED2E89;454.


LaTeX Font Warning: Size substitutions with differences
(Font)              up to 0.5pt have occurred.

 ) 
Here is how much of TeX's memory you used:
 22649 strings out of 480756
 421217 string characters out of 2903711
 675746 words of memory out of 3000000
 37984 multiletter control sequences out of 15000+200000
 632766 words of font info for 121 fonts, out of 3000000 for 9000
 1141 hyphenation exceptions out of 8191
 58i,15n,67p,804b,723s stack positions out of 5000i,500n,10000p,200000b,50000s
{C:/Users/JaredMcBride/AppData/Roaming/MiKTeX/2.9/fonts/enc/dvips/tex-gyre/q-
ec.enc}{C:/Users/JaredMcBride/AppData/Roaming/MiKTeX/2.9/fonts/enc/dvips/newtx/
ntx-ec-tlf.enc}<C:/Users/JaredMcBride/AppData/Roaming/MiKTeX/2.9/fonts/type1/pu
blic/newtx/NewTXMI.pfb><C:/Users/JaredMcBride/AppData/Roaming/MiKTeX/2.9/fonts/
type1/public/newtx/NewTXMI7.pfb><C:/Program Files/MiKTeX 2.9/fonts/type1/public
/amsfonts/cm/cmss10.pfb><C:/Users/JaredMcBride/AppData/Roaming/MiKTeX/2.9/fonts
/type1/public/tex-gyre/qhvb.pfb><C:/Users/JaredMcBride/AppData/Roaming/MiKTeX/2
.9/fonts/type1/public/tex-gyre/qhvr.pfb><C:/Users/JaredMcBride/AppData/Roaming/
MiKTeX/2.9/fonts/type1/public/tex-gyre/qhvri.pfb><C:/Users/JaredMcBride/AppData
/Roaming/MiKTeX/2.9/fonts/type1/public/newtx/txexs.pfb><C:/Users/JaredMcBride/A
ppData/Roaming/MiKTeX/2.9/fonts/type1/public/newtx/txmiaX.pfb><C:/Users/JaredMc
Bride/AppData/Roaming/MiKTeX/2.9/fonts/type1/public/txfonts/txsyb.pfb><C:/Users
/JaredMcBride/AppData/Roaming/MiKTeX/2.9/fonts/type1/public/newtx/txsys.pfb><C:
/Users/JaredMcBride/AppData/Roaming/MiKTeX/2.9/fonts/type1/public/newtx/ztmb.pf
b><C:/Users/JaredMcBride/AppData/Roaming/MiKTeX/2.9/fonts/type1/public/newtx/zt
mr.pfb><C:/Users/JaredMcBride/AppData/Roaming/MiKTeX/2.9/fonts/type1/public/new
tx/ztmri.pfb>
Output written on DDMR_BB_Fall2020.pdf (19 pages, 675958 bytes).
PDF statistics:
 270 PDF objects out of 1000 (max. 8388607)
 47 named destinations out of 1000 (max. 500000)
 189 words of extra memory for PDF output out of 10000 (max. 10000000)

